Analysis & Synthesis report for riscvsingle
Sun Oct 30 22:09:23 2022
Quartus Prime Version 20.1.1 Build 720 11/11/2020 SJ Lite Edition


---------------------
; Table of Contents ;
---------------------
  1. Legal Notice
  2. Analysis & Synthesis Summary
  3. Analysis & Synthesis Settings
  4. Parallel Compilation
  5. Analysis & Synthesis Source Files Read
  6. Analysis & Synthesis Resource Usage Summary
  7. Analysis & Synthesis Resource Utilization by Entity
  8. General Register Statistics
  9. Multiplexer Restructuring Statistics (Restructuring Performed)
 10. Parameter Settings for User Entity Instance: datapath:dp|flopr:pcreg
 11. Parameter Settings for User Entity Instance: datapath:dp|mux2:pcmux
 12. Parameter Settings for User Entity Instance: datapath:dp|mux2:srcbmux
 13. Parameter Settings for User Entity Instance: datapath:dp|mux3:resultmux
 14. Port Connectivity Checks: "datapath:dp|adder:pcadd4"
 15. Port Connectivity Checks: "controller:c"
 16. Post-Synthesis Netlist Statistics for Top Partition
 17. Elapsed Time Per Partition
 18. Analysis & Synthesis Messages
 19. Analysis & Synthesis Suppressed Messages



----------------
; Legal Notice ;
----------------
Copyright (C) 2020  Intel Corporation. All rights reserved.
Your use of Intel Corporation's design tools, logic functions 
and other software and tools, and any partner logic 
functions, and any output files from any of the foregoing 
(including device programming or simulation files), and any 
associated documentation or information are expressly subject 
to the terms and conditions of the Intel Program License 
Subscription Agreement, the Intel Quartus Prime License Agreement,
the Intel FPGA IP License Agreement, or other applicable license
agreement, including, without limitation, that your use is for
the sole purpose of programming logic devices manufactured by
Intel and sold by Intel or its authorized distributors.  Please
refer to the applicable agreement for further details, at
https://fpgasoftware.intel.com/eula.



+-------------------------------------------------------------------------------+
; Analysis & Synthesis Summary                                                  ;
+---------------------------------+---------------------------------------------+
; Analysis & Synthesis Status     ; Successful - Sun Oct 30 22:09:23 2022       ;
; Quartus Prime Version           ; 20.1.1 Build 720 11/11/2020 SJ Lite Edition ;
; Revision Name                   ; riscvsingle                                 ;
; Top-level Entity Name           ; riscvsingle                                 ;
; Family                          ; Cyclone V                                   ;
; Logic utilization (in ALMs)     ; N/A                                         ;
; Total registers                 ; 1056                                        ;
; Total pins                      ; 163                                         ;
; Total virtual pins              ; 0                                           ;
; Total block memory bits         ; 0                                           ;
; Total DSP Blocks                ; 0                                           ;
; Total HSSI RX PCSs              ; 0                                           ;
; Total HSSI PMA RX Deserializers ; 0                                           ;
; Total HSSI TX PCSs              ; 0                                           ;
; Total HSSI PMA TX Serializers   ; 0                                           ;
; Total PLLs                      ; 0                                           ;
; Total DLLs                      ; 0                                           ;
+---------------------------------+---------------------------------------------+


+---------------------------------------------------------------------------------------------------------------------------+
; Analysis & Synthesis Settings                                                                                             ;
+---------------------------------------------------------------------------------+--------------------+--------------------+
; Option                                                                          ; Setting            ; Default Value      ;
+---------------------------------------------------------------------------------+--------------------+--------------------+
; Device                                                                          ; 5CEBA4F23C7        ;                    ;
; Top-level entity name                                                           ; riscvsingle        ; riscvsingle        ;
; Family name                                                                     ; Cyclone V          ; Cyclone V          ;
; Use smart compilation                                                           ; Off                ; Off                ;
; Enable parallel Assembler and Timing Analyzer during compilation                ; On                 ; On                 ;
; Enable compact report table                                                     ; Off                ; Off                ;
; Restructure Multiplexers                                                        ; Auto               ; Auto               ;
; MLAB Add Timing Constraints For Mixed-Port Feed-Through Mode Setting Don't Care ; Off                ; Off                ;
; Create Debugging Nodes for IP Cores                                             ; Off                ; Off                ;
; Preserve fewer node names                                                       ; On                 ; On                 ;
; Intel FPGA IP Evaluation Mode                                                   ; Enable             ; Enable             ;
; Verilog Version                                                                 ; Verilog_2001       ; Verilog_2001       ;
; VHDL Version                                                                    ; VHDL_1993          ; VHDL_1993          ;
; State Machine Processing                                                        ; Auto               ; Auto               ;
; Safe State Machine                                                              ; Off                ; Off                ;
; Extract Verilog State Machines                                                  ; On                 ; On                 ;
; Extract VHDL State Machines                                                     ; On                 ; On                 ;
; Ignore Verilog initial constructs                                               ; Off                ; Off                ;
; Iteration limit for constant Verilog loops                                      ; 5000               ; 5000               ;
; Iteration limit for non-constant Verilog loops                                  ; 250                ; 250                ;
; Add Pass-Through Logic to Inferred RAMs                                         ; On                 ; On                 ;
; Infer RAMs from Raw Logic                                                       ; On                 ; On                 ;
; Parallel Synthesis                                                              ; On                 ; On                 ;
; DSP Block Balancing                                                             ; Auto               ; Auto               ;
; NOT Gate Push-Back                                                              ; On                 ; On                 ;
; Power-Up Don't Care                                                             ; On                 ; On                 ;
; Remove Redundant Logic Cells                                                    ; Off                ; Off                ;
; Remove Duplicate Registers                                                      ; On                 ; On                 ;
; Ignore CARRY Buffers                                                            ; Off                ; Off                ;
; Ignore CASCADE Buffers                                                          ; Off                ; Off                ;
; Ignore GLOBAL Buffers                                                           ; Off                ; Off                ;
; Ignore ROW GLOBAL Buffers                                                       ; Off                ; Off                ;
; Ignore LCELL Buffers                                                            ; Off                ; Off                ;
; Ignore SOFT Buffers                                                             ; On                 ; On                 ;
; Limit AHDL Integers to 32 Bits                                                  ; Off                ; Off                ;
; Optimization Technique                                                          ; Balanced           ; Balanced           ;
; Carry Chain Length                                                              ; 70                 ; 70                 ;
; Auto Carry Chains                                                               ; On                 ; On                 ;
; Auto Open-Drain Pins                                                            ; On                 ; On                 ;
; Perform WYSIWYG Primitive Resynthesis                                           ; Off                ; Off                ;
; Auto ROM Replacement                                                            ; On                 ; On                 ;
; Auto RAM Replacement                                                            ; On                 ; On                 ;
; Auto DSP Block Replacement                                                      ; On                 ; On                 ;
; Auto Shift Register Replacement                                                 ; Auto               ; Auto               ;
; Allow Shift Register Merging across Hierarchies                                 ; Auto               ; Auto               ;
; Auto Clock Enable Replacement                                                   ; On                 ; On                 ;
; Strict RAM Replacement                                                          ; Off                ; Off                ;
; Allow Synchronous Control Signals                                               ; On                 ; On                 ;
; Force Use of Synchronous Clear Signals                                          ; Off                ; Off                ;
; Auto Resource Sharing                                                           ; Off                ; Off                ;
; Allow Any RAM Size For Recognition                                              ; Off                ; Off                ;
; Allow Any ROM Size For Recognition                                              ; Off                ; Off                ;
; Allow Any Shift Register Size For Recognition                                   ; Off                ; Off                ;
; Use LogicLock Constraints during Resource Balancing                             ; On                 ; On                 ;
; Ignore translate_off and synthesis_off directives                               ; Off                ; Off                ;
; Timing-Driven Synthesis                                                         ; On                 ; On                 ;
; Report Parameter Settings                                                       ; On                 ; On                 ;
; Report Source Assignments                                                       ; On                 ; On                 ;
; Report Connectivity Checks                                                      ; On                 ; On                 ;
; Ignore Maximum Fan-Out Assignments                                              ; Off                ; Off                ;
; Synchronization Register Chain Length                                           ; 3                  ; 3                  ;
; Power Optimization During Synthesis                                             ; Normal compilation ; Normal compilation ;
; HDL message level                                                               ; Level2             ; Level2             ;
; Suppress Register Optimization Related Messages                                 ; Off                ; Off                ;
; Number of Removed Registers Reported in Synthesis Report                        ; 5000               ; 5000               ;
; Number of Swept Nodes Reported in Synthesis Report                              ; 5000               ; 5000               ;
; Number of Inverted Registers Reported in Synthesis Report                       ; 100                ; 100                ;
; Clock MUX Protection                                                            ; On                 ; On                 ;
; Auto Gated Clock Conversion                                                     ; Off                ; Off                ;
; Block Design Naming                                                             ; Auto               ; Auto               ;
; SDC constraint protection                                                       ; Off                ; Off                ;
; Synthesis Effort                                                                ; Auto               ; Auto               ;
; Shift Register Replacement - Allow Asynchronous Clear Signal                    ; On                 ; On                 ;
; Pre-Mapping Resynthesis Optimization                                            ; Off                ; Off                ;
; Analysis & Synthesis Message Level                                              ; Medium             ; Medium             ;
; Disable Register Merging Across Hierarchies                                     ; Auto               ; Auto               ;
; Resource Aware Inference For Block RAM                                          ; On                 ; On                 ;
; Automatic Parallel Synthesis                                                    ; On                 ; On                 ;
; Partial Reconfiguration Bitstream ID                                            ; Off                ; Off                ;
+---------------------------------------------------------------------------------+--------------------+--------------------+


+------------------------------------------+
; Parallel Compilation                     ;
+----------------------------+-------------+
; Processors                 ; Number      ;
+----------------------------+-------------+
; Number detected on machine ; 20          ;
; Maximum allowed            ; 12          ;
;                            ;             ;
; Average used               ; 1.00        ;
; Maximum used               ; 12          ;
;                            ;             ;
; Usage by Processor         ; % Time Used ;
;     Processor 1            ; 100.0%      ;
;     Processor 2            ;   0.0%      ;
;     Processor 3            ;   0.0%      ;
;     Processor 4            ;   0.0%      ;
;     Processor 5            ;   0.0%      ;
;     Processor 6            ;   0.0%      ;
;     Processor 7            ;   0.0%      ;
;     Processor 8            ;   0.0%      ;
;     Processors 9-12        ;   0.0%      ;
+----------------------------+-------------+


+----------------------------------------------------------------------------------------------------------------------------------------------------+
; Analysis & Synthesis Source Files Read                                                                                                             ;
+----------------------------------+-----------------+------------------------------+------------------------------------------------------+---------+
; File Name with User-Entered Path ; Used in Netlist ; File Type                    ; File Name with Absolute Path                         ; Library ;
+----------------------------------+-----------------+------------------------------+------------------------------------------------------+---------+
; riscvsingle.sv                   ; yes             ; User SystemVerilog HDL File  ; C:/Users/zedempire/OneDrive/4770/lab7/riscvsingle.sv ;         ;
; riscvtest.txt                    ; yes             ; Auto-Found File              ; C:/Users/zedempire/OneDrive/4770/lab7/riscvtest.txt  ;         ;
+----------------------------------+-----------------+------------------------------+------------------------------------------------------+---------+


+---------------------------------------------------------+
; Analysis & Synthesis Resource Usage Summary             ;
+---------------------------------------------+-----------+
; Resource                                    ; Usage     ;
+---------------------------------------------+-----------+
; Estimate of Logic utilization (ALMs needed) ; 1248      ;
;                                             ;           ;
; Combinational ALUT usage for logic          ; 1147      ;
;     -- 7 input functions                    ; 513       ;
;     -- 6 input functions                    ; 256       ;
;     -- 5 input functions                    ; 126       ;
;     -- 4 input functions                    ; 116       ;
;     -- <=3 input functions                  ; 136       ;
;                                             ;           ;
; Dedicated logic registers                   ; 1056      ;
;                                             ;           ;
; I/O pins                                    ; 163       ;
;                                             ;           ;
; Total DSP Blocks                            ; 0         ;
;                                             ;           ;
; Maximum fan-out node                        ; clk~input ;
; Maximum fan-out                             ; 1056      ;
; Total fan-out                               ; 10071     ;
; Average fan-out                             ; 3.98      ;
+---------------------------------------------+-----------+


+---------------------------------------------------------------------------------------------------------------------------------------------------------------------------------------------------------------+
; Analysis & Synthesis Resource Utilization by Entity                                                                                                                                                           ;
+----------------------------+---------------------+---------------------------+-------------------+------------+------+--------------+--------------------------------------------+-------------+--------------+
; Compilation Hierarchy Node ; Combinational ALUTs ; Dedicated Logic Registers ; Block Memory Bits ; DSP Blocks ; Pins ; Virtual Pins ; Full Hierarchy Name                        ; Entity Name ; Library Name ;
+----------------------------+---------------------+---------------------------+-------------------+------------+------+--------------+--------------------------------------------+-------------+--------------+
; |riscvsingle               ; 1147 (0)            ; 1056 (0)                  ; 0                 ; 0          ; 163  ; 0            ; |riscvsingle                               ; riscvsingle ; work         ;
;    |controller:c|          ; 33 (9)              ; 0 (0)                     ; 0                 ; 0          ; 0    ; 0            ; |riscvsingle|controller:c                  ; controller  ; work         ;
;       |aludec:ad|          ; 7 (7)               ; 0 (0)                     ; 0                 ; 0          ; 0    ; 0            ; |riscvsingle|controller:c|aludec:ad        ; aludec      ; work         ;
;       |maindec:md|         ; 17 (17)             ; 0 (0)                     ; 0                 ; 0          ; 0    ; 0            ; |riscvsingle|controller:c|maindec:md       ; maindec     ; work         ;
;    |datapath:dp|           ; 1114 (0)            ; 1056 (0)                  ; 0                 ; 0          ; 0    ; 0            ; |riscvsingle|datapath:dp                   ; datapath    ; work         ;
;       |adder:pcadd4|       ; 30 (30)             ; 0 (0)                     ; 0                 ; 0          ; 0    ; 0            ; |riscvsingle|datapath:dp|adder:pcadd4      ; adder       ; work         ;
;       |adder:pcaddbranch|  ; 32 (32)             ; 0 (0)                     ; 0                 ; 0          ; 0    ; 0            ; |riscvsingle|datapath:dp|adder:pcaddbranch ; adder       ; work         ;
;       |alu:alu|            ; 273 (273)           ; 0 (0)                     ; 0                 ; 0          ; 0    ; 0            ; |riscvsingle|datapath:dp|alu:alu           ; alu         ; work         ;
;       |extend:ext|         ; 6 (6)               ; 0 (0)                     ; 0                 ; 0          ; 0    ; 0            ; |riscvsingle|datapath:dp|extend:ext        ; extend      ; work         ;
;       |flopr:pcreg|        ; 0 (0)               ; 32 (32)                   ; 0                 ; 0          ; 0    ; 0            ; |riscvsingle|datapath:dp|flopr:pcreg       ; flopr       ; work         ;
;       |mux2:srcbmux|       ; 55 (55)             ; 0 (0)                     ; 0                 ; 0          ; 0    ; 0            ; |riscvsingle|datapath:dp|mux2:srcbmux      ; mux2        ; work         ;
;       |mux3:resultmux|     ; 36 (36)             ; 0 (0)                     ; 0                 ; 0          ; 0    ; 0            ; |riscvsingle|datapath:dp|mux3:resultmux    ; mux3        ; work         ;
;       |regfile:rf|         ; 682 (682)           ; 1024 (1024)               ; 0                 ; 0          ; 0    ; 0            ; |riscvsingle|datapath:dp|regfile:rf        ; regfile     ; work         ;
+----------------------------+---------------------+---------------------------+-------------------+------------+------+--------------+--------------------------------------------+-------------+--------------+
Note: For table entries with two numbers listed, the numbers in parentheses indicate the number of resources of the given type used by the specific entity alone. The numbers listed outside of parentheses indicate the total resources of the given type used by the specific entity and all of its sub-entities in the hierarchy.


+------------------------------------------------------+
; General Register Statistics                          ;
+----------------------------------------------+-------+
; Statistic                                    ; Value ;
+----------------------------------------------+-------+
; Total registers                              ; 1056  ;
; Number of registers using Synchronous Clear  ; 0     ;
; Number of registers using Synchronous Load   ; 30    ;
; Number of registers using Asynchronous Clear ; 32    ;
; Number of registers using Asynchronous Load  ; 0     ;
; Number of registers using Clock Enable       ; 1026  ;
; Number of registers using Preset             ; 0     ;
+----------------------------------------------+-------+


+------------------------------------------------------------------------------------------------------------------------------------------------------------+
; Multiplexer Restructuring Statistics (Restructuring Performed)                                                                                             ;
+--------------------+-----------+---------------+----------------------+------------------------+------------+----------------------------------------------+
; Multiplexer Inputs ; Bus Width ; Baseline Area ; Area if Restructured ; Saving if Restructured ; Registered ; Example Multiplexer Output                   ;
+--------------------+-----------+---------------+----------------------+------------------------+------------+----------------------------------------------+
; 3:1                ; 32 bits   ; 64 LEs        ; 64 LEs               ; 0 LEs                  ; No         ; |riscvsingle|datapath:dp|mux3:resultmux|y[9] ;
; 4:1                ; 2 bits    ; 4 LEs         ; 4 LEs                ; 0 LEs                  ; No         ; |riscvsingle|datapath:dp|alu:alu|ShiftLeft0  ;
; 4:1                ; 2 bits    ; 4 LEs         ; 4 LEs                ; 0 LEs                  ; No         ; |riscvsingle|datapath:dp|alu:alu|ShiftRight0 ;
; 4:1                ; 50 bits   ; 100 LEs       ; 100 LEs              ; 0 LEs                  ; No         ; |riscvsingle|datapath:dp|alu:alu|ShiftRight0 ;
; 4:1                ; 8 bits    ; 16 LEs        ; 16 LEs               ; 0 LEs                  ; No         ; |riscvsingle|datapath:dp|alu:alu|ShiftRight0 ;
; 4:1                ; 8 bits    ; 16 LEs        ; 16 LEs               ; 0 LEs                  ; No         ; |riscvsingle|datapath:dp|alu:alu|ShiftLeft0  ;
; 4:1                ; 8 bits    ; 16 LEs        ; 16 LEs               ; 0 LEs                  ; No         ; |riscvsingle|datapath:dp|alu:alu|ShiftLeft0  ;
; 4:1                ; 8 bits    ; 16 LEs        ; 8 LEs                ; 8 LEs                  ; No         ; |riscvsingle|datapath:dp|extend:ext|Mux0     ;
; 5:1                ; 4 bits    ; 12 LEs        ; 8 LEs                ; 4 LEs                  ; No         ; |riscvsingle|datapath:dp|extend:ext|Mux11    ;
; 16:1               ; 12 bits   ; 120 LEs       ; 120 LEs              ; 0 LEs                  ; No         ; |riscvsingle|datapath:dp|alu:alu|Mux7        ;
; 16:1               ; 12 bits   ; 120 LEs       ; 120 LEs              ; 0 LEs                  ; No         ; |riscvsingle|datapath:dp|alu:alu|Mux24       ;
; 19:1               ; 4 bits    ; 48 LEs        ; 48 LEs               ; 0 LEs                  ; No         ; |riscvsingle|datapath:dp|alu:alu|Mux1        ;
; 19:1               ; 3 bits    ; 36 LEs        ; 36 LEs               ; 0 LEs                  ; No         ; |riscvsingle|datapath:dp|alu:alu|Mux29       ;
+--------------------+-----------+---------------+----------------------+------------------------+------------+----------------------------------------------+


+----------------------------------------------------------------------+
; Parameter Settings for User Entity Instance: datapath:dp|flopr:pcreg ;
+----------------+-------+---------------------------------------------+
; Parameter Name ; Value ; Type                                        ;
+----------------+-------+---------------------------------------------+
; WIDTH          ; 32    ; Signed Integer                              ;
+----------------+-------+---------------------------------------------+
Note: In order to hide this table in the UI and the text report file, please set the "Show Parameter Settings in Synthesis Report" option in "Analysis and Synthesis Settings -> More Settings" to "Off".


+---------------------------------------------------------------------+
; Parameter Settings for User Entity Instance: datapath:dp|mux2:pcmux ;
+----------------+-------+--------------------------------------------+
; Parameter Name ; Value ; Type                                       ;
+----------------+-------+--------------------------------------------+
; WIDTH          ; 32    ; Signed Integer                             ;
+----------------+-------+--------------------------------------------+
Note: In order to hide this table in the UI and the text report file, please set the "Show Parameter Settings in Synthesis Report" option in "Analysis and Synthesis Settings -> More Settings" to "Off".


+-----------------------------------------------------------------------+
; Parameter Settings for User Entity Instance: datapath:dp|mux2:srcbmux ;
+----------------+-------+----------------------------------------------+
; Parameter Name ; Value ; Type                                         ;
+----------------+-------+----------------------------------------------+
; WIDTH          ; 32    ; Signed Integer                               ;
+----------------+-------+----------------------------------------------+
Note: In order to hide this table in the UI and the text report file, please set the "Show Parameter Settings in Synthesis Report" option in "Analysis and Synthesis Settings -> More Settings" to "Off".


+-------------------------------------------------------------------------+
; Parameter Settings for User Entity Instance: datapath:dp|mux3:resultmux ;
+----------------+-------+------------------------------------------------+
; Parameter Name ; Value ; Type                                           ;
+----------------+-------+------------------------------------------------+
; WIDTH          ; 32    ; Signed Integer                                 ;
+----------------+-------+------------------------------------------------+
Note: In order to hide this table in the UI and the text report file, please set the "Show Parameter Settings in Synthesis Report" option in "Analysis and Synthesis Settings -> More Settings" to "Off".


+------------------------------------------------------+
; Port Connectivity Checks: "datapath:dp|adder:pcadd4" ;
+----------+-------+----------+------------------------+
; Port     ; Type  ; Severity ; Details                ;
+----------+-------+----------+------------------------+
; b[31..3] ; Input ; Info     ; Stuck at GND           ;
; b[1..0]  ; Input ; Info     ; Stuck at GND           ;
; b[2]     ; Input ; Info     ; Stuck at VCC           ;
+----------+-------+----------+------------------------+


+----------------------------------------------------------------------------------------------------------------+
; Port Connectivity Checks: "controller:c"                                                                       ;
+------+--------+----------+-------------------------------------------------------------------------------------+
; Port ; Type   ; Severity ; Details                                                                             ;
+------+--------+----------+-------------------------------------------------------------------------------------+
; Jump ; Output ; Info     ; Connected to dangling logic. Logic that only feeds a dangling port will be removed. ;
+------+--------+----------+-------------------------------------------------------------------------------------+


+-----------------------------------------------------+
; Post-Synthesis Netlist Statistics for Top Partition ;
+-----------------------+-----------------------------+
; Type                  ; Count                       ;
+-----------------------+-----------------------------+
; arriav_ff             ; 1056                        ;
;     CLR SLD           ; 30                          ;
;     ENA               ; 1024                        ;
;     ENA CLR           ; 2                           ;
; arriav_lcell_comb     ; 1147                        ;
;     arith             ; 62                          ;
;         1 data inputs ; 30                          ;
;         2 data inputs ; 1                           ;
;         3 data inputs ; 6                           ;
;         4 data inputs ; 11                          ;
;         5 data inputs ; 14                          ;
;     extend            ; 513                         ;
;         7 data inputs ; 513                         ;
;     normal            ; 540                         ;
;         2 data inputs ; 77                          ;
;         3 data inputs ; 21                          ;
;         4 data inputs ; 74                          ;
;         5 data inputs ; 112                         ;
;         6 data inputs ; 256                         ;
;     shared            ; 32                          ;
;         2 data inputs ; 1                           ;
;         4 data inputs ; 31                          ;
; boundary_port         ; 163                         ;
;                       ;                             ;
; Max LUT depth         ; 12.00                       ;
; Average LUT depth     ; 10.65                       ;
+-----------------------+-----------------------------+


+-------------------------------+
; Elapsed Time Per Partition    ;
+----------------+--------------+
; Partition Name ; Elapsed Time ;
+----------------+--------------+
; Top            ; 00:00:01     ;
+----------------+--------------+


+-------------------------------+
; Analysis & Synthesis Messages ;
+-------------------------------+
Info: *******************************************************************
Info: Running Quartus Prime Analysis & Synthesis
    Info: Version 20.1.1 Build 720 11/11/2020 SJ Lite Edition
    Info: Processing started: Sun Oct 30 22:09:19 2022
Info: Command: quartus_map --read_settings_files=on --write_settings_files=off riscvsingle -c riscvsingle
Warning (18236): Number of processors has not been specified which may cause overloading on shared machines.  Set the global assignment NUM_PARALLEL_PROCESSORS in your QSF to an appropriate value for best performance.
Info (20030): Parallel compilation is enabled and will use 12 of the 12 processors detected
Info (12021): Found 16 design units, including 16 entities, in source file riscvsingle.sv
    Info (12023): Found entity 1: testbench File: C:/Users/zedempire/OneDrive/4770/lab7/riscvsingle.sv Line: 81
    Info (12023): Found entity 2: top File: C:/Users/zedempire/OneDrive/4770/lab7/riscvsingle.sv Line: 123
    Info (12023): Found entity 3: riscvsingle File: C:/Users/zedempire/OneDrive/4770/lab7/riscvsingle.sv Line: 136
    Info (12023): Found entity 4: controller File: C:/Users/zedempire/OneDrive/4770/lab7/riscvsingle.sv Line: 159
    Info (12023): Found entity 5: maindec File: C:/Users/zedempire/OneDrive/4770/lab7/riscvsingle.sv Line: 180
    Info (12023): Found entity 6: aludec File: C:/Users/zedempire/OneDrive/4770/lab7/riscvsingle.sv Line: 208
    Info (12023): Found entity 7: datapath File: C:/Users/zedempire/OneDrive/4770/lab7/riscvsingle.sv Line: 236
    Info (12023): Found entity 8: regfile File: C:/Users/zedempire/OneDrive/4770/lab7/riscvsingle.sv Line: 270
    Info (12023): Found entity 9: adder File: C:/Users/zedempire/OneDrive/4770/lab7/riscvsingle.sv Line: 290
    Info (12023): Found entity 10: extend File: C:/Users/zedempire/OneDrive/4770/lab7/riscvsingle.sv Line: 296
    Info (12023): Found entity 11: flopr File: C:/Users/zedempire/OneDrive/4770/lab7/riscvsingle.sv Line: 316
    Info (12023): Found entity 12: mux2 File: C:/Users/zedempire/OneDrive/4770/lab7/riscvsingle.sv Line: 326
    Info (12023): Found entity 13: mux3 File: C:/Users/zedempire/OneDrive/4770/lab7/riscvsingle.sv Line: 334
    Info (12023): Found entity 14: imem File: C:/Users/zedempire/OneDrive/4770/lab7/riscvsingle.sv Line: 342
    Info (12023): Found entity 15: dmem File: C:/Users/zedempire/OneDrive/4770/lab7/riscvsingle.sv Line: 353
    Info (12023): Found entity 16: alu File: C:/Users/zedempire/OneDrive/4770/lab7/riscvsingle.sv Line: 365
Warning (10236): Verilog HDL Implicit Net warning at riscvsingle.sv(149): created implicit net for "PCSrc" File: C:/Users/zedempire/OneDrive/4770/lab7/riscvsingle.sv Line: 149
Info (12127): Elaborating entity "riscvsingle" for the top level hierarchy
Info (12128): Elaborating entity "controller" for hierarchy "controller:c" File: C:/Users/zedempire/OneDrive/4770/lab7/riscvsingle.sv Line: 151
Info (12128): Elaborating entity "maindec" for hierarchy "controller:c|maindec:md" File: C:/Users/zedempire/OneDrive/4770/lab7/riscvsingle.sv Line: 174
Info (12128): Elaborating entity "aludec" for hierarchy "controller:c|aludec:ad" File: C:/Users/zedempire/OneDrive/4770/lab7/riscvsingle.sv Line: 175
Info (12128): Elaborating entity "datapath" for hierarchy "datapath:dp" File: C:/Users/zedempire/OneDrive/4770/lab7/riscvsingle.sv Line: 156
Info (12128): Elaborating entity "flopr" for hierarchy "datapath:dp|flopr:pcreg" File: C:/Users/zedempire/OneDrive/4770/lab7/riscvsingle.sv Line: 254
Info (12128): Elaborating entity "adder" for hierarchy "datapath:dp|adder:pcadd4" File: C:/Users/zedempire/OneDrive/4770/lab7/riscvsingle.sv Line: 255
Info (12128): Elaborating entity "mux2" for hierarchy "datapath:dp|mux2:pcmux" File: C:/Users/zedempire/OneDrive/4770/lab7/riscvsingle.sv Line: 257
Info (12128): Elaborating entity "regfile" for hierarchy "datapath:dp|regfile:rf" File: C:/Users/zedempire/OneDrive/4770/lab7/riscvsingle.sv Line: 261
Info (12128): Elaborating entity "extend" for hierarchy "datapath:dp|extend:ext" File: C:/Users/zedempire/OneDrive/4770/lab7/riscvsingle.sv Line: 262
Info (12128): Elaborating entity "alu" for hierarchy "datapath:dp|alu:alu" File: C:/Users/zedempire/OneDrive/4770/lab7/riscvsingle.sv Line: 266
Info (12128): Elaborating entity "mux3" for hierarchy "datapath:dp|mux3:resultmux" File: C:/Users/zedempire/OneDrive/4770/lab7/riscvsingle.sv Line: 267
Info (276014): Found 1 instances of uninferred RAM logic
    Info (276007): RAM logic "datapath:dp|regfile:rf|rf" is uninferred due to asynchronous read logic File: C:/Users/zedempire/OneDrive/4770/lab7/riscvsingle.sv Line: 276
Info (286030): Timing-Driven Synthesis is running
Info (144001): Generated suppressed messages file C:/Users/zedempire/OneDrive/4770/lab7/output_files/riscvsingle.map.smsg
Info (16010): Generating hard_block partition "hard_block:auto_generated_inst"
    Info (16011): Adding 0 node(s), including 0 DDIO, 0 PLL, 0 transceiver and 0 LCELL
Info (21057): Implemented 2334 device resources after synthesis - the final resource count might be different
    Info (21058): Implemented 66 input pins
    Info (21059): Implemented 97 output pins
    Info (21061): Implemented 2171 logic cells
Info: Quartus Prime Analysis & Synthesis was successful. 0 errors, 2 warnings
    Info: Peak virtual memory: 4882 megabytes
    Info: Processing ended: Sun Oct 30 22:09:23 2022
    Info: Elapsed time: 00:00:04
    Info: Total CPU time (on all processors): 00:00:03


+------------------------------------------+
; Analysis & Synthesis Suppressed Messages ;
+------------------------------------------+
The suppressed messages can be found in C:/Users/zedempire/OneDrive/4770/lab7/output_files/riscvsingle.map.smsg.


