Analysis & Synthesis report for riscvmulti
Sun Dec 11 19:32:14 2022
Quartus Prime Version 20.1.1 Build 720 11/11/2020 SJ Lite Edition


---------------------
; Table of Contents ;
---------------------
  1. Legal Notice
  2. Analysis & Synthesis Summary
  3. Analysis & Synthesis Settings
  4. Parallel Compilation
  5. Analysis & Synthesis Source Files Read
  6. Analysis & Synthesis Resource Usage Summary
  7. Analysis & Synthesis Resource Utilization by Entity
  8. Analysis & Synthesis RAM Summary
  9. State Machine - |riscvmulti|riscvmulti1:rvmulti|controller:c|FSM:maind|current_state
 10. Registers Removed During Synthesis
 11. General Register Statistics
 12. Registers Added for RAM Pass-Through Logic
 13. Multiplexer Restructuring Statistics (Restructuring Performed)
 14. Source assignments for riscvmulti1:rvmulti|datapath:dp|regfile:rf|altsyncram:rf_rtl_0|altsyncram_d2k1:auto_generated
 15. Source assignments for riscvmulti1:rvmulti|datapath:dp|regfile:rf|altsyncram:rf_rtl_1|altsyncram_d2k1:auto_generated
 16. Parameter Settings for User Entity Instance: riscvmulti1:rvmulti|datapath:dp|mux2:m
 17. Parameter Settings for User Entity Instance: riscvmulti1:rvmulti|datapath:dp|mux3:MUX_1
 18. Parameter Settings for User Entity Instance: riscvmulti1:rvmulti|datapath:dp|mux3:MUX_2
 19. Parameter Settings for User Entity Instance: riscvmulti1:rvmulti|datapath:dp|mux3:MUX_3
 20. Parameter Settings for User Entity Instance: riscvmulti1:rvmulti|controller:c|FSM:maind
 21. Parameter Settings for Inferred Entity Instance: riscvmulti1:rvmulti|datapath:dp|regfile:rf|altsyncram:rf_rtl_0
 22. Parameter Settings for Inferred Entity Instance: riscvmulti1:rvmulti|datapath:dp|regfile:rf|altsyncram:rf_rtl_1
 23. altsyncram Parameter Settings by Entity Instance
 24. Port Connectivity Checks: "riscvmulti1:rvmulti|datapath:dp|mux3:MUX_2"
 25. Port Connectivity Checks: "riscvmulti1:rvmulti|datapath:dp"
 26. Post-Synthesis Netlist Statistics for Top Partition
 27. Elapsed Time Per Partition
 28. Analysis & Synthesis Messages
 29. Analysis & Synthesis Suppressed Messages



----------------
; Legal Notice ;
----------------
Copyright (C) 2020  Intel Corporation. All rights reserved.
Your use of Intel Corporation's design tools, logic functions 
and other software and tools, and any partner logic 
functions, and any output files from any of the foregoing 
(including device programming or simulation files), and any 
associated documentation or information are expressly subject 
to the terms and conditions of the Intel Program License 
Subscription Agreement, the Intel Quartus Prime License Agreement,
the Intel FPGA IP License Agreement, or other applicable license
agreement, including, without limitation, that your use is for
the sole purpose of programming logic devices manufactured by
Intel and sold by Intel or its authorized distributors.  Please
refer to the applicable agreement for further details, at
https://fpgasoftware.intel.com/eula.



+-------------------------------------------------------------------------------+
; Analysis & Synthesis Summary                                                  ;
+---------------------------------+---------------------------------------------+
; Analysis & Synthesis Status     ; Successful - Sun Dec 11 19:32:14 2022       ;
; Quartus Prime Version           ; 20.1.1 Build 720 11/11/2020 SJ Lite Edition ;
; Revision Name                   ; riscvmulti                                  ;
; Top-level Entity Name           ; riscvmulti                                  ;
; Family                          ; Cyclone V                                   ;
; Logic utilization (in ALMs)     ; N/A                                         ;
; Total registers                 ; 2431                                        ;
; Total pins                      ; 67                                          ;
; Total virtual pins              ; 0                                           ;
; Total block memory bits         ; 2,048                                       ;
; Total DSP Blocks                ; 0                                           ;
; Total HSSI RX PCSs              ; 0                                           ;
; Total HSSI PMA RX Deserializers ; 0                                           ;
; Total HSSI TX PCSs              ; 0                                           ;
; Total HSSI PMA TX Serializers   ; 0                                           ;
; Total PLLs                      ; 0                                           ;
; Total DLLs                      ; 0                                           ;
+---------------------------------+---------------------------------------------+


+---------------------------------------------------------------------------------------------------------------------------+
; Analysis & Synthesis Settings                                                                                             ;
+---------------------------------------------------------------------------------+--------------------+--------------------+
; Option                                                                          ; Setting            ; Default Value      ;
+---------------------------------------------------------------------------------+--------------------+--------------------+
; Device                                                                          ; 5CEBA4F23C7        ;                    ;
; Top-level entity name                                                           ; riscvmulti         ; riscvmulti         ;
; Family name                                                                     ; Cyclone V          ; Cyclone V          ;
; Use smart compilation                                                           ; Off                ; Off                ;
; Enable parallel Assembler and Timing Analyzer during compilation                ; On                 ; On                 ;
; Enable compact report table                                                     ; Off                ; Off                ;
; Restructure Multiplexers                                                        ; Auto               ; Auto               ;
; MLAB Add Timing Constraints For Mixed-Port Feed-Through Mode Setting Don't Care ; Off                ; Off                ;
; Create Debugging Nodes for IP Cores                                             ; Off                ; Off                ;
; Preserve fewer node names                                                       ; On                 ; On                 ;
; Intel FPGA IP Evaluation Mode                                                   ; Enable             ; Enable             ;
; Verilog Version                                                                 ; Verilog_2001       ; Verilog_2001       ;
; VHDL Version                                                                    ; VHDL_1993          ; VHDL_1993          ;
; State Machine Processing                                                        ; Auto               ; Auto               ;
; Safe State Machine                                                              ; Off                ; Off                ;
; Extract Verilog State Machines                                                  ; On                 ; On                 ;
; Extract VHDL State Machines                                                     ; On                 ; On                 ;
; Ignore Verilog initial constructs                                               ; Off                ; Off                ;
; Iteration limit for constant Verilog loops                                      ; 5000               ; 5000               ;
; Iteration limit for non-constant Verilog loops                                  ; 250                ; 250                ;
; Add Pass-Through Logic to Inferred RAMs                                         ; On                 ; On                 ;
; Infer RAMs from Raw Logic                                                       ; On                 ; On                 ;
; Parallel Synthesis                                                              ; On                 ; On                 ;
; DSP Block Balancing                                                             ; Auto               ; Auto               ;
; NOT Gate Push-Back                                                              ; On                 ; On                 ;
; Power-Up Don't Care                                                             ; On                 ; On                 ;
; Remove Redundant Logic Cells                                                    ; Off                ; Off                ;
; Remove Duplicate Registers                                                      ; On                 ; On                 ;
; Ignore CARRY Buffers                                                            ; Off                ; Off                ;
; Ignore CASCADE Buffers                                                          ; Off                ; Off                ;
; Ignore GLOBAL Buffers                                                           ; Off                ; Off                ;
; Ignore ROW GLOBAL Buffers                                                       ; Off                ; Off                ;
; Ignore LCELL Buffers                                                            ; Off                ; Off                ;
; Ignore SOFT Buffers                                                             ; On                 ; On                 ;
; Limit AHDL Integers to 32 Bits                                                  ; Off                ; Off                ;
; Optimization Technique                                                          ; Balanced           ; Balanced           ;
; Carry Chain Length                                                              ; 70                 ; 70                 ;
; Auto Carry Chains                                                               ; On                 ; On                 ;
; Auto Open-Drain Pins                                                            ; On                 ; On                 ;
; Perform WYSIWYG Primitive Resynthesis                                           ; Off                ; Off                ;
; Auto ROM Replacement                                                            ; On                 ; On                 ;
; Auto RAM Replacement                                                            ; On                 ; On                 ;
; Auto DSP Block Replacement                                                      ; On                 ; On                 ;
; Auto Shift Register Replacement                                                 ; Auto               ; Auto               ;
; Allow Shift Register Merging across Hierarchies                                 ; Auto               ; Auto               ;
; Auto Clock Enable Replacement                                                   ; On                 ; On                 ;
; Strict RAM Replacement                                                          ; Off                ; Off                ;
; Allow Synchronous Control Signals                                               ; On                 ; On                 ;
; Force Use of Synchronous Clear Signals                                          ; Off                ; Off                ;
; Auto Resource Sharing                                                           ; Off                ; Off                ;
; Allow Any RAM Size For Recognition                                              ; Off                ; Off                ;
; Allow Any ROM Size For Recognition                                              ; Off                ; Off                ;
; Allow Any Shift Register Size For Recognition                                   ; Off                ; Off                ;
; Use LogicLock Constraints during Resource Balancing                             ; On                 ; On                 ;
; Ignore translate_off and synthesis_off directives                               ; Off                ; Off                ;
; Timing-Driven Synthesis                                                         ; On                 ; On                 ;
; Report Parameter Settings                                                       ; On                 ; On                 ;
; Report Source Assignments                                                       ; On                 ; On                 ;
; Report Connectivity Checks                                                      ; On                 ; On                 ;
; Ignore Maximum Fan-Out Assignments                                              ; Off                ; Off                ;
; Synchronization Register Chain Length                                           ; 3                  ; 3                  ;
; Power Optimization During Synthesis                                             ; Normal compilation ; Normal compilation ;
; HDL message level                                                               ; Level2             ; Level2             ;
; Suppress Register Optimization Related Messages                                 ; Off                ; Off                ;
; Number of Removed Registers Reported in Synthesis Report                        ; 5000               ; 5000               ;
; Number of Swept Nodes Reported in Synthesis Report                              ; 5000               ; 5000               ;
; Number of Inverted Registers Reported in Synthesis Report                       ; 100                ; 100                ;
; Clock MUX Protection                                                            ; On                 ; On                 ;
; Auto Gated Clock Conversion                                                     ; Off                ; Off                ;
; Block Design Naming                                                             ; Auto               ; Auto               ;
; SDC constraint protection                                                       ; Off                ; Off                ;
; Synthesis Effort                                                                ; Auto               ; Auto               ;
; Shift Register Replacement - Allow Asynchronous Clear Signal                    ; On                 ; On                 ;
; Pre-Mapping Resynthesis Optimization                                            ; Off                ; Off                ;
; Analysis & Synthesis Message Level                                              ; Medium             ; Medium             ;
; Disable Register Merging Across Hierarchies                                     ; Auto               ; Auto               ;
; Resource Aware Inference For Block RAM                                          ; On                 ; On                 ;
; Automatic Parallel Synthesis                                                    ; On                 ; On                 ;
; Partial Reconfiguration Bitstream ID                                            ; Off                ; Off                ;
+---------------------------------------------------------------------------------+--------------------+--------------------+


+------------------------------------------+
; Parallel Compilation                     ;
+----------------------------+-------------+
; Processors                 ; Number      ;
+----------------------------+-------------+
; Number detected on machine ; 20          ;
; Maximum allowed            ; 12          ;
;                            ;             ;
; Average used               ; 1.00        ;
; Maximum used               ; 12          ;
;                            ;             ;
; Usage by Processor         ; % Time Used ;
;     Processor 1            ; 100.0%      ;
;     Processor 2            ;   0.0%      ;
;     Processor 3            ;   0.0%      ;
;     Processor 4            ;   0.0%      ;
;     Processor 5            ;   0.0%      ;
;     Processor 6            ;   0.0%      ;
;     Processor 7            ;   0.0%      ;
;     Processor 8            ;   0.0%      ;
;     Processors 9-12        ;   0.0%      ;
+----------------------------+-------------+


+----------------------------------------------------------------------------------------------------------------------------------------------------------------------------+
; Analysis & Synthesis Source Files Read                                                                                                                                     ;
+----------------------------------+-----------------+------------------------------+------------------------------------------------------------------------------+---------+
; File Name with User-Entered Path ; Used in Netlist ; File Type                    ; File Name with Absolute Path                                                 ; Library ;
+----------------------------------+-----------------+------------------------------+------------------------------------------------------------------------------+---------+
; riscvmulti.sv                    ; yes             ; User SystemVerilog HDL File  ; C:/Users/zedempire/OneDrive/4770/lab9/riscvmulti.sv                          ;         ;
; riscvtest.txt                    ; yes             ; Auto-Found File              ; C:/Users/zedempire/OneDrive/4770/lab9/riscvtest.txt                          ;         ;
; altsyncram.tdf                   ; yes             ; Megafunction                 ; c:/intelfpga_lite/20.1/quartus/libraries/megafunctions/altsyncram.tdf        ;         ;
; stratix_ram_block.inc            ; yes             ; Megafunction                 ; c:/intelfpga_lite/20.1/quartus/libraries/megafunctions/stratix_ram_block.inc ;         ;
; lpm_mux.inc                      ; yes             ; Megafunction                 ; c:/intelfpga_lite/20.1/quartus/libraries/megafunctions/lpm_mux.inc           ;         ;
; lpm_decode.inc                   ; yes             ; Megafunction                 ; c:/intelfpga_lite/20.1/quartus/libraries/megafunctions/lpm_decode.inc        ;         ;
; aglobal201.inc                   ; yes             ; Megafunction                 ; c:/intelfpga_lite/20.1/quartus/libraries/megafunctions/aglobal201.inc        ;         ;
; a_rdenreg.inc                    ; yes             ; Megafunction                 ; c:/intelfpga_lite/20.1/quartus/libraries/megafunctions/a_rdenreg.inc         ;         ;
; altrom.inc                       ; yes             ; Megafunction                 ; c:/intelfpga_lite/20.1/quartus/libraries/megafunctions/altrom.inc            ;         ;
; altram.inc                       ; yes             ; Megafunction                 ; c:/intelfpga_lite/20.1/quartus/libraries/megafunctions/altram.inc            ;         ;
; altdpram.inc                     ; yes             ; Megafunction                 ; c:/intelfpga_lite/20.1/quartus/libraries/megafunctions/altdpram.inc          ;         ;
; db/altsyncram_d2k1.tdf           ; yes             ; Auto-Generated Megafunction  ; C:/Users/zedempire/OneDrive/4770/lab9/db/altsyncram_d2k1.tdf                 ;         ;
+----------------------------------+-----------------+------------------------------+------------------------------------------------------------------------------+---------+


+---------------------------------------------------------+
; Analysis & Synthesis Resource Usage Summary             ;
+---------------------------------------------+-----------+
; Resource                                    ; Usage     ;
+---------------------------------------------+-----------+
; Estimate of Logic utilization (ALMs needed) ; 1842      ;
;                                             ;           ;
; Combinational ALUT usage for logic          ; 1592      ;
;     -- 7 input functions                    ; 15        ;
;     -- 6 input functions                    ; 1110      ;
;     -- 5 input functions                    ; 149       ;
;     -- 4 input functions                    ; 142       ;
;     -- <=3 input functions                  ; 176       ;
;                                             ;           ;
; Dedicated logic registers                   ; 2431      ;
;                                             ;           ;
; I/O pins                                    ; 67        ;
; Total MLAB memory bits                      ; 0         ;
; Total block memory bits                     ; 2048      ;
;                                             ;           ;
; Total DSP Blocks                            ; 0         ;
;                                             ;           ;
; Maximum fan-out node                        ; clk~input ;
; Maximum fan-out                             ; 2495      ;
; Total fan-out                               ; 16953     ;
; Average fan-out                             ; 4.02      ;
+---------------------------------------------+-----------+


+-------------------------------------------------------------------------------------------------------------------------------------------------------------------------------------------------------------------------------------------------------------------------------------------------------+
; Analysis & Synthesis Resource Utilization by Entity                                                                                                                                                                                                                                                   ;
+-------------------------------------------------+---------------------+---------------------------+-------------------+------------+------+--------------+-----------------------------------------------------------------------------------------------------------+-----------------+--------------+
; Compilation Hierarchy Node                      ; Combinational ALUTs ; Dedicated Logic Registers ; Block Memory Bits ; DSP Blocks ; Pins ; Virtual Pins ; Full Hierarchy Name                                                                                       ; Entity Name     ; Library Name ;
+-------------------------------------------------+---------------------+---------------------------+-------------------+------------+------+--------------+-----------------------------------------------------------------------------------------------------------+-----------------+--------------+
; |riscvmulti                                     ; 1592 (0)            ; 2431 (0)                  ; 2048              ; 0          ; 67   ; 0            ; |riscvmulti                                                                                               ; riscvmulti      ; work         ;
;    |idmem:mem|                                  ; 856 (856)           ; 2048 (2048)               ; 0                 ; 0          ; 0    ; 0            ; |riscvmulti|idmem:mem                                                                                     ; idmem           ; work         ;
;    |riscvmulti1:rvmulti|                        ; 736 (0)             ; 383 (0)                   ; 2048              ; 0          ; 0    ; 0            ; |riscvmulti|riscvmulti1:rvmulti                                                                           ; riscvmulti1     ; work         ;
;       |controller:c|                            ; 48 (15)             ; 11 (0)                    ; 0                 ; 0          ; 0    ; 0            ; |riscvmulti|riscvmulti1:rvmulti|controller:c                                                              ; controller      ; work         ;
;          |FSM:maind|                            ; 19 (19)             ; 11 (11)                   ; 0                 ; 0          ; 0    ; 0            ; |riscvmulti|riscvmulti1:rvmulti|controller:c|FSM:maind                                                    ; FSM             ; work         ;
;          |aludec:alud|                          ; 4 (4)               ; 0 (0)                     ; 0                 ; 0          ; 0    ; 0            ; |riscvmulti|riscvmulti1:rvmulti|controller:c|aludec:alud                                                  ; aludec          ; work         ;
;          |instrdec:istrd|                       ; 10 (10)             ; 0 (0)                     ; 0                 ; 0          ; 0    ; 0            ; |riscvmulti|riscvmulti1:rvmulti|controller:c|instrdec:istrd                                               ; instrdec        ; work         ;
;       |datapath:dp|                             ; 688 (0)             ; 372 (0)                   ; 2048              ; 0          ; 0    ; 0            ; |riscvmulti|riscvmulti1:rvmulti|datapath:dp                                                               ; datapath        ; work         ;
;          |Buffer:buffer1|                       ; 0 (0)               ; 32 (32)                   ; 0                 ; 0          ; 0    ; 0            ; |riscvmulti|riscvmulti1:rvmulti|datapath:dp|Buffer:buffer1                                                ; Buffer          ; work         ;
;          |Buffer:buffer2|                       ; 0 (0)               ; 32 (32)                   ; 0                 ; 0          ; 0    ; 0            ; |riscvmulti|riscvmulti1:rvmulti|datapath:dp|Buffer:buffer2                                                ; Buffer          ; work         ;
;          |Buffer_2:buffer_2|                    ; 0 (0)               ; 64 (64)                   ; 0                 ; 0          ; 0    ; 0            ; |riscvmulti|riscvmulti1:rvmulti|datapath:dp|Buffer_2:buffer_2                                             ; Buffer_2        ; work         ;
;          |RegFetch:Regfetch|                    ; 0 (0)               ; 62 (62)                   ; 0                 ; 0          ; 0    ; 0            ; |riscvmulti|riscvmulti1:rvmulti|datapath:dp|RegFetch:Regfetch                                             ; RegFetch        ; work         ;
;          |RegNext:Regnext|                      ; 0 (0)               ; 32 (32)                   ; 0                 ; 0          ; 0    ; 0            ; |riscvmulti|riscvmulti1:rvmulti|datapath:dp|RegNext:Regnext                                               ; RegNext         ; work         ;
;          |alu:alu|                              ; 429 (429)           ; 0 (0)                     ; 0                 ; 0          ; 0    ; 0            ; |riscvmulti|riscvmulti1:rvmulti|datapath:dp|alu:alu                                                       ; alu             ; work         ;
;          |extend:ext|                           ; 1 (1)               ; 0 (0)                     ; 0                 ; 0          ; 0    ; 0            ; |riscvmulti|riscvmulti1:rvmulti|datapath:dp|extend:ext                                                    ; extend          ; work         ;
;          |mux2:m|                               ; 32 (32)             ; 0 (0)                     ; 0                 ; 0          ; 0    ; 0            ; |riscvmulti|riscvmulti1:rvmulti|datapath:dp|mux2:m                                                        ; mux2            ; work         ;
;          |mux3:MUX_1|                           ; 39 (39)             ; 0 (0)                     ; 0                 ; 0          ; 0    ; 0            ; |riscvmulti|riscvmulti1:rvmulti|datapath:dp|mux3:MUX_1                                                    ; mux3            ; work         ;
;          |mux3:MUX_2|                           ; 52 (52)             ; 0 (0)                     ; 0                 ; 0          ; 0    ; 0            ; |riscvmulti|riscvmulti1:rvmulti|datapath:dp|mux3:MUX_2                                                    ; mux3            ; work         ;
;          |mux3:MUX_3|                           ; 64 (64)             ; 0 (0)                     ; 0                 ; 0          ; 0    ; 0            ; |riscvmulti|riscvmulti1:rvmulti|datapath:dp|mux3:MUX_3                                                    ; mux3            ; work         ;
;          |regfile:rf|                           ; 71 (71)             ; 150 (150)                 ; 2048              ; 0          ; 0    ; 0            ; |riscvmulti|riscvmulti1:rvmulti|datapath:dp|regfile:rf                                                    ; regfile         ; work         ;
;             |altsyncram:rf_rtl_0|               ; 0 (0)               ; 0 (0)                     ; 1024              ; 0          ; 0    ; 0            ; |riscvmulti|riscvmulti1:rvmulti|datapath:dp|regfile:rf|altsyncram:rf_rtl_0                                ; altsyncram      ; work         ;
;                |altsyncram_d2k1:auto_generated| ; 0 (0)               ; 0 (0)                     ; 1024              ; 0          ; 0    ; 0            ; |riscvmulti|riscvmulti1:rvmulti|datapath:dp|regfile:rf|altsyncram:rf_rtl_0|altsyncram_d2k1:auto_generated ; altsyncram_d2k1 ; work         ;
;             |altsyncram:rf_rtl_1|               ; 0 (0)               ; 0 (0)                     ; 1024              ; 0          ; 0    ; 0            ; |riscvmulti|riscvmulti1:rvmulti|datapath:dp|regfile:rf|altsyncram:rf_rtl_1                                ; altsyncram      ; work         ;
;                |altsyncram_d2k1:auto_generated| ; 0 (0)               ; 0 (0)                     ; 1024              ; 0          ; 0    ; 0            ; |riscvmulti|riscvmulti1:rvmulti|datapath:dp|regfile:rf|altsyncram:rf_rtl_1|altsyncram_d2k1:auto_generated ; altsyncram_d2k1 ; work         ;
+-------------------------------------------------+---------------------+---------------------------+-------------------+------------+------+--------------+-----------------------------------------------------------------------------------------------------------+-----------------+--------------+
Note: For table entries with two numbers listed, the numbers in parentheses indicate the number of resources of the given type used by the specific entity alone. The numbers listed outside of parentheses indicate the total resources of the given type used by the specific entity and all of its sub-entities in the hierarchy.


+--------------------------------------------------------------------------------------------------------------------------------------------------------------------------------------------------------------+
; Analysis & Synthesis RAM Summary                                                                                                                                                                             ;
+----------------------------------------------------------------------------------------------------------+------+------------------+--------------+--------------+--------------+--------------+------+------+
; Name                                                                                                     ; Type ; Mode             ; Port A Depth ; Port A Width ; Port B Depth ; Port B Width ; Size ; MIF  ;
+----------------------------------------------------------------------------------------------------------+------+------------------+--------------+--------------+--------------+--------------+------+------+
; riscvmulti1:rvmulti|datapath:dp|regfile:rf|altsyncram:rf_rtl_0|altsyncram_d2k1:auto_generated|ALTSYNCRAM ; AUTO ; Simple Dual Port ; 32           ; 32           ; 32           ; 32           ; 1024 ; None ;
; riscvmulti1:rvmulti|datapath:dp|regfile:rf|altsyncram:rf_rtl_1|altsyncram_d2k1:auto_generated|ALTSYNCRAM ; AUTO ; Simple Dual Port ; 32           ; 32           ; 32           ; 32           ; 1024 ; None ;
+----------------------------------------------------------------------------------------------------------+------+------------------+--------------+--------------+--------------+--------------+------+------+


Encoding Type:  One-Hot
+-----------------------------------------------------------------------------------------------------------------------------------------------------------------------------------------------------------------------------------------------------------------------------------------------+
; State Machine - |riscvmulti|riscvmulti1:rvmulti|controller:c|FSM:maind|current_state                                                                                                                                                                                                          ;
+-----------------------+-----------------------+-----------------------+-----------------------+-----------------------+-----------------------+-----------------------+-----------------------+-----------------------+-----------------------+-----------------------+-----------------------+
; Name                  ; current_state.state_A ; current_state.state_9 ; current_state.state_8 ; current_state.state_7 ; current_state.state_6 ; current_state.state_5 ; current_state.state_4 ; current_state.state_3 ; current_state.state_2 ; current_state.state_1 ; current_state.state_0 ;
+-----------------------+-----------------------+-----------------------+-----------------------+-----------------------+-----------------------+-----------------------+-----------------------+-----------------------+-----------------------+-----------------------+-----------------------+
; current_state.state_0 ; 0                     ; 0                     ; 0                     ; 0                     ; 0                     ; 0                     ; 0                     ; 0                     ; 0                     ; 0                     ; 0                     ;
; current_state.state_1 ; 0                     ; 0                     ; 0                     ; 0                     ; 0                     ; 0                     ; 0                     ; 0                     ; 0                     ; 1                     ; 1                     ;
; current_state.state_2 ; 0                     ; 0                     ; 0                     ; 0                     ; 0                     ; 0                     ; 0                     ; 0                     ; 1                     ; 0                     ; 1                     ;
; current_state.state_3 ; 0                     ; 0                     ; 0                     ; 0                     ; 0                     ; 0                     ; 0                     ; 1                     ; 0                     ; 0                     ; 1                     ;
; current_state.state_4 ; 0                     ; 0                     ; 0                     ; 0                     ; 0                     ; 0                     ; 1                     ; 0                     ; 0                     ; 0                     ; 1                     ;
; current_state.state_5 ; 0                     ; 0                     ; 0                     ; 0                     ; 0                     ; 1                     ; 0                     ; 0                     ; 0                     ; 0                     ; 1                     ;
; current_state.state_6 ; 0                     ; 0                     ; 0                     ; 0                     ; 1                     ; 0                     ; 0                     ; 0                     ; 0                     ; 0                     ; 1                     ;
; current_state.state_7 ; 0                     ; 0                     ; 0                     ; 1                     ; 0                     ; 0                     ; 0                     ; 0                     ; 0                     ; 0                     ; 1                     ;
; current_state.state_8 ; 0                     ; 0                     ; 1                     ; 0                     ; 0                     ; 0                     ; 0                     ; 0                     ; 0                     ; 0                     ; 1                     ;
; current_state.state_9 ; 0                     ; 1                     ; 0                     ; 0                     ; 0                     ; 0                     ; 0                     ; 0                     ; 0                     ; 0                     ; 1                     ;
; current_state.state_A ; 1                     ; 0                     ; 0                     ; 0                     ; 0                     ; 0                     ; 0                     ; 0                     ; 0                     ; 0                     ; 1                     ;
+-----------------------+-----------------------+-----------------------+-----------------------+-----------------------+-----------------------+-----------------------+-----------------------+-----------------------+-----------------------+-----------------------+-----------------------+


+-----------------------------------------------------------------------------------------------------------+
; Registers Removed During Synthesis                                                                        ;
+------------------------------------------------------------------+----------------------------------------+
; Register name                                                    ; Reason for Removal                     ;
+------------------------------------------------------------------+----------------------------------------+
; riscvmulti1:rvmulti|datapath:dp|RegFetch:Regfetch|ins[18,19]     ; Stuck at GND due to stuck port data_in ;
; riscvmulti1:rvmulti|datapath:dp|regfile:rf|rf_rtl_0_bypass[8,10] ; Stuck at GND due to stuck port data_in ;
; riscvmulti1:rvmulti|controller:c|FSM:maind|current_state~2       ; Lost fanout                            ;
; riscvmulti1:rvmulti|controller:c|FSM:maind|current_state~3       ; Lost fanout                            ;
; riscvmulti1:rvmulti|controller:c|FSM:maind|current_state~4       ; Lost fanout                            ;
; riscvmulti1:rvmulti|controller:c|FSM:maind|current_state~5       ; Lost fanout                            ;
; Total Number of Removed Registers = 8                            ;                                        ;
+------------------------------------------------------------------+----------------------------------------+


+------------------------------------------------------+
; General Register Statistics                          ;
+----------------------------------------------+-------+
; Statistic                                    ; Value ;
+----------------------------------------------+-------+
; Total registers                              ; 2431  ;
; Number of registers using Synchronous Clear  ; 67    ;
; Number of registers using Synchronous Load   ; 0     ;
; Number of registers using Asynchronous Clear ; 232   ;
; Number of registers using Asynchronous Load  ; 0     ;
; Number of registers using Clock Enable       ; 2216  ;
; Number of registers using Preset             ; 0     ;
+----------------------------------------------+-------+


+----------------------------------------------------------------------------------------------------------------------+
; Registers Added for RAM Pass-Through Logic                                                                           ;
+----------------------------------------------------------------+-----------------------------------------------------+
; Register Name                                                  ; RAM Name                                            ;
+----------------------------------------------------------------+-----------------------------------------------------+
; riscvmulti1:rvmulti|datapath:dp|regfile:rf|rf_rtl_0_bypass[0]  ; riscvmulti1:rvmulti|datapath:dp|regfile:rf|rf_rtl_0 ;
; riscvmulti1:rvmulti|datapath:dp|regfile:rf|rf_rtl_0_bypass[1]  ; riscvmulti1:rvmulti|datapath:dp|regfile:rf|rf_rtl_0 ;
; riscvmulti1:rvmulti|datapath:dp|regfile:rf|rf_rtl_0_bypass[2]  ; riscvmulti1:rvmulti|datapath:dp|regfile:rf|rf_rtl_0 ;
; riscvmulti1:rvmulti|datapath:dp|regfile:rf|rf_rtl_0_bypass[3]  ; riscvmulti1:rvmulti|datapath:dp|regfile:rf|rf_rtl_0 ;
; riscvmulti1:rvmulti|datapath:dp|regfile:rf|rf_rtl_0_bypass[4]  ; riscvmulti1:rvmulti|datapath:dp|regfile:rf|rf_rtl_0 ;
; riscvmulti1:rvmulti|datapath:dp|regfile:rf|rf_rtl_0_bypass[5]  ; riscvmulti1:rvmulti|datapath:dp|regfile:rf|rf_rtl_0 ;
; riscvmulti1:rvmulti|datapath:dp|regfile:rf|rf_rtl_0_bypass[6]  ; riscvmulti1:rvmulti|datapath:dp|regfile:rf|rf_rtl_0 ;
; riscvmulti1:rvmulti|datapath:dp|regfile:rf|rf_rtl_0_bypass[7]  ; riscvmulti1:rvmulti|datapath:dp|regfile:rf|rf_rtl_0 ;
; riscvmulti1:rvmulti|datapath:dp|regfile:rf|rf_rtl_0_bypass[8]  ; riscvmulti1:rvmulti|datapath:dp|regfile:rf|rf_rtl_0 ;
; riscvmulti1:rvmulti|datapath:dp|regfile:rf|rf_rtl_0_bypass[9]  ; riscvmulti1:rvmulti|datapath:dp|regfile:rf|rf_rtl_0 ;
; riscvmulti1:rvmulti|datapath:dp|regfile:rf|rf_rtl_0_bypass[10] ; riscvmulti1:rvmulti|datapath:dp|regfile:rf|rf_rtl_0 ;
; riscvmulti1:rvmulti|datapath:dp|regfile:rf|rf_rtl_0_bypass[11] ; riscvmulti1:rvmulti|datapath:dp|regfile:rf|rf_rtl_0 ;
; riscvmulti1:rvmulti|datapath:dp|regfile:rf|rf_rtl_0_bypass[12] ; riscvmulti1:rvmulti|datapath:dp|regfile:rf|rf_rtl_0 ;
; riscvmulti1:rvmulti|datapath:dp|regfile:rf|rf_rtl_0_bypass[13] ; riscvmulti1:rvmulti|datapath:dp|regfile:rf|rf_rtl_0 ;
; riscvmulti1:rvmulti|datapath:dp|regfile:rf|rf_rtl_0_bypass[14] ; riscvmulti1:rvmulti|datapath:dp|regfile:rf|rf_rtl_0 ;
; riscvmulti1:rvmulti|datapath:dp|regfile:rf|rf_rtl_0_bypass[15] ; riscvmulti1:rvmulti|datapath:dp|regfile:rf|rf_rtl_0 ;
; riscvmulti1:rvmulti|datapath:dp|regfile:rf|rf_rtl_0_bypass[16] ; riscvmulti1:rvmulti|datapath:dp|regfile:rf|rf_rtl_0 ;
; riscvmulti1:rvmulti|datapath:dp|regfile:rf|rf_rtl_0_bypass[17] ; riscvmulti1:rvmulti|datapath:dp|regfile:rf|rf_rtl_0 ;
; riscvmulti1:rvmulti|datapath:dp|regfile:rf|rf_rtl_0_bypass[18] ; riscvmulti1:rvmulti|datapath:dp|regfile:rf|rf_rtl_0 ;
; riscvmulti1:rvmulti|datapath:dp|regfile:rf|rf_rtl_0_bypass[19] ; riscvmulti1:rvmulti|datapath:dp|regfile:rf|rf_rtl_0 ;
; riscvmulti1:rvmulti|datapath:dp|regfile:rf|rf_rtl_0_bypass[20] ; riscvmulti1:rvmulti|datapath:dp|regfile:rf|rf_rtl_0 ;
; riscvmulti1:rvmulti|datapath:dp|regfile:rf|rf_rtl_0_bypass[21] ; riscvmulti1:rvmulti|datapath:dp|regfile:rf|rf_rtl_0 ;
; riscvmulti1:rvmulti|datapath:dp|regfile:rf|rf_rtl_0_bypass[22] ; riscvmulti1:rvmulti|datapath:dp|regfile:rf|rf_rtl_0 ;
; riscvmulti1:rvmulti|datapath:dp|regfile:rf|rf_rtl_0_bypass[23] ; riscvmulti1:rvmulti|datapath:dp|regfile:rf|rf_rtl_0 ;
; riscvmulti1:rvmulti|datapath:dp|regfile:rf|rf_rtl_0_bypass[24] ; riscvmulti1:rvmulti|datapath:dp|regfile:rf|rf_rtl_0 ;
; riscvmulti1:rvmulti|datapath:dp|regfile:rf|rf_rtl_0_bypass[25] ; riscvmulti1:rvmulti|datapath:dp|regfile:rf|rf_rtl_0 ;
; riscvmulti1:rvmulti|datapath:dp|regfile:rf|rf_rtl_0_bypass[26] ; riscvmulti1:rvmulti|datapath:dp|regfile:rf|rf_rtl_0 ;
; riscvmulti1:rvmulti|datapath:dp|regfile:rf|rf_rtl_0_bypass[27] ; riscvmulti1:rvmulti|datapath:dp|regfile:rf|rf_rtl_0 ;
; riscvmulti1:rvmulti|datapath:dp|regfile:rf|rf_rtl_0_bypass[28] ; riscvmulti1:rvmulti|datapath:dp|regfile:rf|rf_rtl_0 ;
; riscvmulti1:rvmulti|datapath:dp|regfile:rf|rf_rtl_0_bypass[29] ; riscvmulti1:rvmulti|datapath:dp|regfile:rf|rf_rtl_0 ;
; riscvmulti1:rvmulti|datapath:dp|regfile:rf|rf_rtl_0_bypass[30] ; riscvmulti1:rvmulti|datapath:dp|regfile:rf|rf_rtl_0 ;
; riscvmulti1:rvmulti|datapath:dp|regfile:rf|rf_rtl_0_bypass[31] ; riscvmulti1:rvmulti|datapath:dp|regfile:rf|rf_rtl_0 ;
; riscvmulti1:rvmulti|datapath:dp|regfile:rf|rf_rtl_0_bypass[32] ; riscvmulti1:rvmulti|datapath:dp|regfile:rf|rf_rtl_0 ;
; riscvmulti1:rvmulti|datapath:dp|regfile:rf|rf_rtl_0_bypass[33] ; riscvmulti1:rvmulti|datapath:dp|regfile:rf|rf_rtl_0 ;
; riscvmulti1:rvmulti|datapath:dp|regfile:rf|rf_rtl_0_bypass[34] ; riscvmulti1:rvmulti|datapath:dp|regfile:rf|rf_rtl_0 ;
; riscvmulti1:rvmulti|datapath:dp|regfile:rf|rf_rtl_0_bypass[35] ; riscvmulti1:rvmulti|datapath:dp|regfile:rf|rf_rtl_0 ;
; riscvmulti1:rvmulti|datapath:dp|regfile:rf|rf_rtl_0_bypass[36] ; riscvmulti1:rvmulti|datapath:dp|regfile:rf|rf_rtl_0 ;
; riscvmulti1:rvmulti|datapath:dp|regfile:rf|rf_rtl_0_bypass[37] ; riscvmulti1:rvmulti|datapath:dp|regfile:rf|rf_rtl_0 ;
; riscvmulti1:rvmulti|datapath:dp|regfile:rf|rf_rtl_0_bypass[38] ; riscvmulti1:rvmulti|datapath:dp|regfile:rf|rf_rtl_0 ;
; riscvmulti1:rvmulti|datapath:dp|regfile:rf|rf_rtl_0_bypass[39] ; riscvmulti1:rvmulti|datapath:dp|regfile:rf|rf_rtl_0 ;
; riscvmulti1:rvmulti|datapath:dp|regfile:rf|rf_rtl_0_bypass[40] ; riscvmulti1:rvmulti|datapath:dp|regfile:rf|rf_rtl_0 ;
; riscvmulti1:rvmulti|datapath:dp|regfile:rf|rf_rtl_0_bypass[41] ; riscvmulti1:rvmulti|datapath:dp|regfile:rf|rf_rtl_0 ;
; riscvmulti1:rvmulti|datapath:dp|regfile:rf|rf_rtl_0_bypass[42] ; riscvmulti1:rvmulti|datapath:dp|regfile:rf|rf_rtl_0 ;
; riscvmulti1:rvmulti|datapath:dp|regfile:rf|rf_rtl_1_bypass[0]  ; riscvmulti1:rvmulti|datapath:dp|regfile:rf|rf_rtl_1 ;
; riscvmulti1:rvmulti|datapath:dp|regfile:rf|rf_rtl_1_bypass[1]  ; riscvmulti1:rvmulti|datapath:dp|regfile:rf|rf_rtl_1 ;
; riscvmulti1:rvmulti|datapath:dp|regfile:rf|rf_rtl_1_bypass[2]  ; riscvmulti1:rvmulti|datapath:dp|regfile:rf|rf_rtl_1 ;
; riscvmulti1:rvmulti|datapath:dp|regfile:rf|rf_rtl_1_bypass[3]  ; riscvmulti1:rvmulti|datapath:dp|regfile:rf|rf_rtl_1 ;
; riscvmulti1:rvmulti|datapath:dp|regfile:rf|rf_rtl_1_bypass[4]  ; riscvmulti1:rvmulti|datapath:dp|regfile:rf|rf_rtl_1 ;
; riscvmulti1:rvmulti|datapath:dp|regfile:rf|rf_rtl_1_bypass[5]  ; riscvmulti1:rvmulti|datapath:dp|regfile:rf|rf_rtl_1 ;
; riscvmulti1:rvmulti|datapath:dp|regfile:rf|rf_rtl_1_bypass[6]  ; riscvmulti1:rvmulti|datapath:dp|regfile:rf|rf_rtl_1 ;
; riscvmulti1:rvmulti|datapath:dp|regfile:rf|rf_rtl_1_bypass[7]  ; riscvmulti1:rvmulti|datapath:dp|regfile:rf|rf_rtl_1 ;
; riscvmulti1:rvmulti|datapath:dp|regfile:rf|rf_rtl_1_bypass[8]  ; riscvmulti1:rvmulti|datapath:dp|regfile:rf|rf_rtl_1 ;
; riscvmulti1:rvmulti|datapath:dp|regfile:rf|rf_rtl_1_bypass[9]  ; riscvmulti1:rvmulti|datapath:dp|regfile:rf|rf_rtl_1 ;
; riscvmulti1:rvmulti|datapath:dp|regfile:rf|rf_rtl_1_bypass[10] ; riscvmulti1:rvmulti|datapath:dp|regfile:rf|rf_rtl_1 ;
; riscvmulti1:rvmulti|datapath:dp|regfile:rf|rf_rtl_1_bypass[11] ; riscvmulti1:rvmulti|datapath:dp|regfile:rf|rf_rtl_1 ;
; riscvmulti1:rvmulti|datapath:dp|regfile:rf|rf_rtl_1_bypass[12] ; riscvmulti1:rvmulti|datapath:dp|regfile:rf|rf_rtl_1 ;
; riscvmulti1:rvmulti|datapath:dp|regfile:rf|rf_rtl_1_bypass[13] ; riscvmulti1:rvmulti|datapath:dp|regfile:rf|rf_rtl_1 ;
; riscvmulti1:rvmulti|datapath:dp|regfile:rf|rf_rtl_1_bypass[14] ; riscvmulti1:rvmulti|datapath:dp|regfile:rf|rf_rtl_1 ;
; riscvmulti1:rvmulti|datapath:dp|regfile:rf|rf_rtl_1_bypass[15] ; riscvmulti1:rvmulti|datapath:dp|regfile:rf|rf_rtl_1 ;
; riscvmulti1:rvmulti|datapath:dp|regfile:rf|rf_rtl_1_bypass[16] ; riscvmulti1:rvmulti|datapath:dp|regfile:rf|rf_rtl_1 ;
; riscvmulti1:rvmulti|datapath:dp|regfile:rf|rf_rtl_1_bypass[17] ; riscvmulti1:rvmulti|datapath:dp|regfile:rf|rf_rtl_1 ;
; riscvmulti1:rvmulti|datapath:dp|regfile:rf|rf_rtl_1_bypass[18] ; riscvmulti1:rvmulti|datapath:dp|regfile:rf|rf_rtl_1 ;
; riscvmulti1:rvmulti|datapath:dp|regfile:rf|rf_rtl_1_bypass[19] ; riscvmulti1:rvmulti|datapath:dp|regfile:rf|rf_rtl_1 ;
; riscvmulti1:rvmulti|datapath:dp|regfile:rf|rf_rtl_1_bypass[20] ; riscvmulti1:rvmulti|datapath:dp|regfile:rf|rf_rtl_1 ;
; riscvmulti1:rvmulti|datapath:dp|regfile:rf|rf_rtl_1_bypass[21] ; riscvmulti1:rvmulti|datapath:dp|regfile:rf|rf_rtl_1 ;
; riscvmulti1:rvmulti|datapath:dp|regfile:rf|rf_rtl_1_bypass[22] ; riscvmulti1:rvmulti|datapath:dp|regfile:rf|rf_rtl_1 ;
; riscvmulti1:rvmulti|datapath:dp|regfile:rf|rf_rtl_1_bypass[23] ; riscvmulti1:rvmulti|datapath:dp|regfile:rf|rf_rtl_1 ;
; riscvmulti1:rvmulti|datapath:dp|regfile:rf|rf_rtl_1_bypass[24] ; riscvmulti1:rvmulti|datapath:dp|regfile:rf|rf_rtl_1 ;
; riscvmulti1:rvmulti|datapath:dp|regfile:rf|rf_rtl_1_bypass[25] ; riscvmulti1:rvmulti|datapath:dp|regfile:rf|rf_rtl_1 ;
; riscvmulti1:rvmulti|datapath:dp|regfile:rf|rf_rtl_1_bypass[26] ; riscvmulti1:rvmulti|datapath:dp|regfile:rf|rf_rtl_1 ;
; riscvmulti1:rvmulti|datapath:dp|regfile:rf|rf_rtl_1_bypass[27] ; riscvmulti1:rvmulti|datapath:dp|regfile:rf|rf_rtl_1 ;
; riscvmulti1:rvmulti|datapath:dp|regfile:rf|rf_rtl_1_bypass[28] ; riscvmulti1:rvmulti|datapath:dp|regfile:rf|rf_rtl_1 ;
; riscvmulti1:rvmulti|datapath:dp|regfile:rf|rf_rtl_1_bypass[29] ; riscvmulti1:rvmulti|datapath:dp|regfile:rf|rf_rtl_1 ;
; riscvmulti1:rvmulti|datapath:dp|regfile:rf|rf_rtl_1_bypass[30] ; riscvmulti1:rvmulti|datapath:dp|regfile:rf|rf_rtl_1 ;
; riscvmulti1:rvmulti|datapath:dp|regfile:rf|rf_rtl_1_bypass[31] ; riscvmulti1:rvmulti|datapath:dp|regfile:rf|rf_rtl_1 ;
; riscvmulti1:rvmulti|datapath:dp|regfile:rf|rf_rtl_1_bypass[32] ; riscvmulti1:rvmulti|datapath:dp|regfile:rf|rf_rtl_1 ;
; riscvmulti1:rvmulti|datapath:dp|regfile:rf|rf_rtl_1_bypass[33] ; riscvmulti1:rvmulti|datapath:dp|regfile:rf|rf_rtl_1 ;
; riscvmulti1:rvmulti|datapath:dp|regfile:rf|rf_rtl_1_bypass[34] ; riscvmulti1:rvmulti|datapath:dp|regfile:rf|rf_rtl_1 ;
; riscvmulti1:rvmulti|datapath:dp|regfile:rf|rf_rtl_1_bypass[35] ; riscvmulti1:rvmulti|datapath:dp|regfile:rf|rf_rtl_1 ;
; riscvmulti1:rvmulti|datapath:dp|regfile:rf|rf_rtl_1_bypass[36] ; riscvmulti1:rvmulti|datapath:dp|regfile:rf|rf_rtl_1 ;
; riscvmulti1:rvmulti|datapath:dp|regfile:rf|rf_rtl_1_bypass[37] ; riscvmulti1:rvmulti|datapath:dp|regfile:rf|rf_rtl_1 ;
; riscvmulti1:rvmulti|datapath:dp|regfile:rf|rf_rtl_1_bypass[38] ; riscvmulti1:rvmulti|datapath:dp|regfile:rf|rf_rtl_1 ;
; riscvmulti1:rvmulti|datapath:dp|regfile:rf|rf_rtl_1_bypass[39] ; riscvmulti1:rvmulti|datapath:dp|regfile:rf|rf_rtl_1 ;
; riscvmulti1:rvmulti|datapath:dp|regfile:rf|rf_rtl_1_bypass[40] ; riscvmulti1:rvmulti|datapath:dp|regfile:rf|rf_rtl_1 ;
; riscvmulti1:rvmulti|datapath:dp|regfile:rf|rf_rtl_1_bypass[41] ; riscvmulti1:rvmulti|datapath:dp|regfile:rf|rf_rtl_1 ;
; riscvmulti1:rvmulti|datapath:dp|regfile:rf|rf_rtl_1_bypass[42] ; riscvmulti1:rvmulti|datapath:dp|regfile:rf|rf_rtl_1 ;
+----------------------------------------------------------------+-----------------------------------------------------+


+------------------------------------------------------------------------------------------------------------------------------------------------------------------------------------+
; Multiplexer Restructuring Statistics (Restructuring Performed)                                                                                                                     ;
+--------------------+-----------+---------------+----------------------+------------------------+------------+----------------------------------------------------------------------+
; Multiplexer Inputs ; Bus Width ; Baseline Area ; Area if Restructured ; Saving if Restructured ; Registered ; Example Multiplexer Output                                           ;
+--------------------+-----------+---------------+----------------------+------------------------+------------+----------------------------------------------------------------------+
; 4:1                ; 32 bits   ; 64 LEs        ; 64 LEs               ; 0 LEs                  ; Yes        ; |riscvmulti|riscvmulti1:rvmulti|datapath:dp|Buffer_2:buffer_2|wd[7]  ;
; 4:1                ; 32 bits   ; 64 LEs        ; 64 LEs               ; 0 LEs                  ; Yes        ; |riscvmulti|riscvmulti1:rvmulti|datapath:dp|Buffer_2:buffer_2|a[8]   ;
; 3:1                ; 4 bits    ; 8 LEs         ; 8 LEs                ; 0 LEs                  ; No         ; |riscvmulti|riscvmulti1:rvmulti|controller:c|FSM:maind|current_state ;
; 3:1                ; 2 bits    ; 4 LEs         ; 4 LEs                ; 0 LEs                  ; No         ; |riscvmulti|riscvmulti1:rvmulti|controller:c|FSM:maind|current_state ;
; 3:1                ; 32 bits   ; 64 LEs        ; 64 LEs               ; 0 LEs                  ; No         ; |riscvmulti|riscvmulti1:rvmulti|datapath:dp|mux3:MUX_3|y[11]         ;
; 3:1                ; 32 bits   ; 64 LEs        ; 64 LEs               ; 0 LEs                  ; No         ; |riscvmulti|riscvmulti1:rvmulti|datapath:dp|mux3:MUX_1|y[29]         ;
; 3:1                ; 17 bits   ; 34 LEs        ; 34 LEs               ; 0 LEs                  ; No         ; |riscvmulti|riscvmulti1:rvmulti|datapath:dp|mux3:MUX_2|y[6]          ;
; 4:1                ; 8 bits    ; 16 LEs        ; 16 LEs               ; 0 LEs                  ; No         ; |riscvmulti|riscvmulti1:rvmulti|datapath:dp|alu:alu|ShiftRight0      ;
; 4:1                ; 8 bits    ; 16 LEs        ; 16 LEs               ; 0 LEs                  ; No         ; |riscvmulti|riscvmulti1:rvmulti|datapath:dp|alu:alu|ShiftRight0      ;
; 4:1                ; 8 bits    ; 16 LEs        ; 16 LEs               ; 0 LEs                  ; No         ; |riscvmulti|riscvmulti1:rvmulti|datapath:dp|alu:alu|ShiftRight0      ;
; 4:1                ; 2 bits    ; 4 LEs         ; 4 LEs                ; 0 LEs                  ; No         ; |riscvmulti|riscvmulti1:rvmulti|datapath:dp|alu:alu|ShiftLeft0       ;
; 4:1                ; 2 bits    ; 4 LEs         ; 4 LEs                ; 0 LEs                  ; No         ; |riscvmulti|riscvmulti1:rvmulti|datapath:dp|alu:alu|ShiftLeft0       ;
; 4:1                ; 50 bits   ; 100 LEs       ; 100 LEs              ; 0 LEs                  ; No         ; |riscvmulti|riscvmulti1:rvmulti|datapath:dp|alu:alu|ShiftRight0      ;
; 4:1                ; 8 bits    ; 16 LEs        ; 16 LEs               ; 0 LEs                  ; No         ; |riscvmulti|riscvmulti1:rvmulti|datapath:dp|mux3:MUX_2|y[13]         ;
; 4:1                ; 4 bits    ; 8 LEs         ; 8 LEs                ; 0 LEs                  ; No         ; |riscvmulti|riscvmulti1:rvmulti|datapath:dp|mux3:MUX_2|y[4]          ;
; 15:1               ; 12 bits   ; 120 LEs       ; 108 LEs              ; 12 LEs                 ; No         ; |riscvmulti|riscvmulti1:rvmulti|datapath:dp|alu:alu|Mux26            ;
; 15:1               ; 12 bits   ; 120 LEs       ; 108 LEs              ; 12 LEs                 ; No         ; |riscvmulti|riscvmulti1:rvmulti|datapath:dp|alu:alu|Mux14            ;
; 18:1               ; 3 bits    ; 36 LEs        ; 33 LEs               ; 3 LEs                  ; No         ; |riscvmulti|riscvmulti1:rvmulti|datapath:dp|alu:alu|Mux28            ;
; 18:1               ; 4 bits    ; 48 LEs        ; 44 LEs               ; 4 LEs                  ; No         ; |riscvmulti|riscvmulti1:rvmulti|datapath:dp|alu:alu|Mux3             ;
+--------------------+-----------+---------------+----------------------+------------------------+------------+----------------------------------------------------------------------+


+----------------------------------------------------------------------------------------------------------------------+
; Source assignments for riscvmulti1:rvmulti|datapath:dp|regfile:rf|altsyncram:rf_rtl_0|altsyncram_d2k1:auto_generated ;
+---------------------------------+--------------------+------+--------------------------------------------------------+
; Assignment                      ; Value              ; From ; To                                                     ;
+---------------------------------+--------------------+------+--------------------------------------------------------+
; OPTIMIZE_POWER_DURING_SYNTHESIS ; NORMAL_COMPILATION ; -    ; -                                                      ;
+---------------------------------+--------------------+------+--------------------------------------------------------+


+----------------------------------------------------------------------------------------------------------------------+
; Source assignments for riscvmulti1:rvmulti|datapath:dp|regfile:rf|altsyncram:rf_rtl_1|altsyncram_d2k1:auto_generated ;
+---------------------------------+--------------------+------+--------------------------------------------------------+
; Assignment                      ; Value              ; From ; To                                                     ;
+---------------------------------+--------------------+------+--------------------------------------------------------+
; OPTIMIZE_POWER_DURING_SYNTHESIS ; NORMAL_COMPILATION ; -    ; -                                                      ;
+---------------------------------+--------------------+------+--------------------------------------------------------+


+-------------------------------------------------------------------------------------+
; Parameter Settings for User Entity Instance: riscvmulti1:rvmulti|datapath:dp|mux2:m ;
+----------------+-------+------------------------------------------------------------+
; Parameter Name ; Value ; Type                                                       ;
+----------------+-------+------------------------------------------------------------+
; WIDTH          ; 32    ; Signed Integer                                             ;
+----------------+-------+------------------------------------------------------------+
Note: In order to hide this table in the UI and the text report file, please set the "Show Parameter Settings in Synthesis Report" option in "Analysis and Synthesis Settings -> More Settings" to "Off".


+-----------------------------------------------------------------------------------------+
; Parameter Settings for User Entity Instance: riscvmulti1:rvmulti|datapath:dp|mux3:MUX_1 ;
+----------------+-------+----------------------------------------------------------------+
; Parameter Name ; Value ; Type                                                           ;
+----------------+-------+----------------------------------------------------------------+
; WIDTH          ; 32    ; Signed Integer                                                 ;
+----------------+-------+----------------------------------------------------------------+
Note: In order to hide this table in the UI and the text report file, please set the "Show Parameter Settings in Synthesis Report" option in "Analysis and Synthesis Settings -> More Settings" to "Off".


+-----------------------------------------------------------------------------------------+
; Parameter Settings for User Entity Instance: riscvmulti1:rvmulti|datapath:dp|mux3:MUX_2 ;
+----------------+-------+----------------------------------------------------------------+
; Parameter Name ; Value ; Type                                                           ;
+----------------+-------+----------------------------------------------------------------+
; WIDTH          ; 32    ; Signed Integer                                                 ;
+----------------+-------+----------------------------------------------------------------+
Note: In order to hide this table in the UI and the text report file, please set the "Show Parameter Settings in Synthesis Report" option in "Analysis and Synthesis Settings -> More Settings" to "Off".


+-----------------------------------------------------------------------------------------+
; Parameter Settings for User Entity Instance: riscvmulti1:rvmulti|datapath:dp|mux3:MUX_3 ;
+----------------+-------+----------------------------------------------------------------+
; Parameter Name ; Value ; Type                                                           ;
+----------------+-------+----------------------------------------------------------------+
; WIDTH          ; 32    ; Signed Integer                                                 ;
+----------------+-------+----------------------------------------------------------------+
Note: In order to hide this table in the UI and the text report file, please set the "Show Parameter Settings in Synthesis Report" option in "Analysis and Synthesis Settings -> More Settings" to "Off".


+-----------------------------------------------------------------------------------------+
; Parameter Settings for User Entity Instance: riscvmulti1:rvmulti|controller:c|FSM:maind ;
+----------------+-------+----------------------------------------------------------------+
; Parameter Name ; Value ; Type                                                           ;
+----------------+-------+----------------------------------------------------------------+
; state_0        ; 0000  ; Unsigned Binary                                                ;
; state_1        ; 0001  ; Unsigned Binary                                                ;
; state_2        ; 0010  ; Unsigned Binary                                                ;
; state_3        ; 0011  ; Unsigned Binary                                                ;
; state_4        ; 0100  ; Unsigned Binary                                                ;
; state_5        ; 0101  ; Unsigned Binary                                                ;
; state_6        ; 0110  ; Unsigned Binary                                                ;
; state_7        ; 0111  ; Unsigned Binary                                                ;
; state_8        ; 1000  ; Unsigned Binary                                                ;
; state_9        ; 1001  ; Unsigned Binary                                                ;
; state_A        ; 1010  ; Unsigned Binary                                                ;
+----------------+-------+----------------------------------------------------------------+
Note: In order to hide this table in the UI and the text report file, please set the "Show Parameter Settings in Synthesis Report" option in "Analysis and Synthesis Settings -> More Settings" to "Off".


+-----------------------------------------------------------------------------------------------------------------+
; Parameter Settings for Inferred Entity Instance: riscvmulti1:rvmulti|datapath:dp|regfile:rf|altsyncram:rf_rtl_0 ;
+------------------------------------+----------------------+-----------------------------------------------------+
; Parameter Name                     ; Value                ; Type                                                ;
+------------------------------------+----------------------+-----------------------------------------------------+
; BYTE_SIZE_BLOCK                    ; 8                    ; Untyped                                             ;
; AUTO_CARRY_CHAINS                  ; ON                   ; AUTO_CARRY                                          ;
; IGNORE_CARRY_BUFFERS               ; OFF                  ; IGNORE_CARRY                                        ;
; AUTO_CASCADE_CHAINS                ; ON                   ; AUTO_CASCADE                                        ;
; IGNORE_CASCADE_BUFFERS             ; OFF                  ; IGNORE_CASCADE                                      ;
; WIDTH_BYTEENA                      ; 1                    ; Untyped                                             ;
; OPERATION_MODE                     ; DUAL_PORT            ; Untyped                                             ;
; WIDTH_A                            ; 32                   ; Untyped                                             ;
; WIDTHAD_A                          ; 5                    ; Untyped                                             ;
; NUMWORDS_A                         ; 32                   ; Untyped                                             ;
; OUTDATA_REG_A                      ; UNREGISTERED         ; Untyped                                             ;
; ADDRESS_ACLR_A                     ; NONE                 ; Untyped                                             ;
; OUTDATA_ACLR_A                     ; NONE                 ; Untyped                                             ;
; WRCONTROL_ACLR_A                   ; NONE                 ; Untyped                                             ;
; INDATA_ACLR_A                      ; NONE                 ; Untyped                                             ;
; BYTEENA_ACLR_A                     ; NONE                 ; Untyped                                             ;
; WIDTH_B                            ; 32                   ; Untyped                                             ;
; WIDTHAD_B                          ; 5                    ; Untyped                                             ;
; NUMWORDS_B                         ; 32                   ; Untyped                                             ;
; INDATA_REG_B                       ; CLOCK1               ; Untyped                                             ;
; WRCONTROL_WRADDRESS_REG_B          ; CLOCK1               ; Untyped                                             ;
; RDCONTROL_REG_B                    ; CLOCK1               ; Untyped                                             ;
; ADDRESS_REG_B                      ; CLOCK0               ; Untyped                                             ;
; OUTDATA_REG_B                      ; UNREGISTERED         ; Untyped                                             ;
; BYTEENA_REG_B                      ; CLOCK1               ; Untyped                                             ;
; INDATA_ACLR_B                      ; NONE                 ; Untyped                                             ;
; WRCONTROL_ACLR_B                   ; NONE                 ; Untyped                                             ;
; ADDRESS_ACLR_B                     ; NONE                 ; Untyped                                             ;
; OUTDATA_ACLR_B                     ; NONE                 ; Untyped                                             ;
; RDCONTROL_ACLR_B                   ; NONE                 ; Untyped                                             ;
; BYTEENA_ACLR_B                     ; NONE                 ; Untyped                                             ;
; WIDTH_BYTEENA_A                    ; 1                    ; Untyped                                             ;
; WIDTH_BYTEENA_B                    ; 1                    ; Untyped                                             ;
; RAM_BLOCK_TYPE                     ; AUTO                 ; Untyped                                             ;
; BYTE_SIZE                          ; 8                    ; Untyped                                             ;
; READ_DURING_WRITE_MODE_MIXED_PORTS ; DONT_CARE            ; Untyped                                             ;
; READ_DURING_WRITE_MODE_PORT_A      ; NEW_DATA_NO_NBE_READ ; Untyped                                             ;
; READ_DURING_WRITE_MODE_PORT_B      ; NEW_DATA_NO_NBE_READ ; Untyped                                             ;
; INIT_FILE                          ; UNUSED               ; Untyped                                             ;
; INIT_FILE_LAYOUT                   ; PORT_A               ; Untyped                                             ;
; MAXIMUM_DEPTH                      ; 0                    ; Untyped                                             ;
; CLOCK_ENABLE_INPUT_A               ; NORMAL               ; Untyped                                             ;
; CLOCK_ENABLE_INPUT_B               ; NORMAL               ; Untyped                                             ;
; CLOCK_ENABLE_OUTPUT_A              ; NORMAL               ; Untyped                                             ;
; CLOCK_ENABLE_OUTPUT_B              ; NORMAL               ; Untyped                                             ;
; CLOCK_ENABLE_CORE_A                ; USE_INPUT_CLKEN      ; Untyped                                             ;
; CLOCK_ENABLE_CORE_B                ; USE_INPUT_CLKEN      ; Untyped                                             ;
; ENABLE_ECC                         ; FALSE                ; Untyped                                             ;
; ECC_PIPELINE_STAGE_ENABLED         ; FALSE                ; Untyped                                             ;
; WIDTH_ECCSTATUS                    ; 3                    ; Untyped                                             ;
; DEVICE_FAMILY                      ; Cyclone V            ; Untyped                                             ;
; CBXI_PARAMETER                     ; altsyncram_d2k1      ; Untyped                                             ;
+------------------------------------+----------------------+-----------------------------------------------------+
Note: In order to hide this table in the UI and the text report file, please set the "Show Parameter Settings in Synthesis Report" option in "Analysis and Synthesis Settings -> More Settings" to "Off".


+-----------------------------------------------------------------------------------------------------------------+
; Parameter Settings for Inferred Entity Instance: riscvmulti1:rvmulti|datapath:dp|regfile:rf|altsyncram:rf_rtl_1 ;
+------------------------------------+----------------------+-----------------------------------------------------+
; Parameter Name                     ; Value                ; Type                                                ;
+------------------------------------+----------------------+-----------------------------------------------------+
; BYTE_SIZE_BLOCK                    ; 8                    ; Untyped                                             ;
; AUTO_CARRY_CHAINS                  ; ON                   ; AUTO_CARRY                                          ;
; IGNORE_CARRY_BUFFERS               ; OFF                  ; IGNORE_CARRY                                        ;
; AUTO_CASCADE_CHAINS                ; ON                   ; AUTO_CASCADE                                        ;
; IGNORE_CASCADE_BUFFERS             ; OFF                  ; IGNORE_CASCADE                                      ;
; WIDTH_BYTEENA                      ; 1                    ; Untyped                                             ;
; OPERATION_MODE                     ; DUAL_PORT            ; Untyped                                             ;
; WIDTH_A                            ; 32                   ; Untyped                                             ;
; WIDTHAD_A                          ; 5                    ; Untyped                                             ;
; NUMWORDS_A                         ; 32                   ; Untyped                                             ;
; OUTDATA_REG_A                      ; UNREGISTERED         ; Untyped                                             ;
; ADDRESS_ACLR_A                     ; NONE                 ; Untyped                                             ;
; OUTDATA_ACLR_A                     ; NONE                 ; Untyped                                             ;
; WRCONTROL_ACLR_A                   ; NONE                 ; Untyped                                             ;
; INDATA_ACLR_A                      ; NONE                 ; Untyped                                             ;
; BYTEENA_ACLR_A                     ; NONE                 ; Untyped                                             ;
; WIDTH_B                            ; 32                   ; Untyped                                             ;
; WIDTHAD_B                          ; 5                    ; Untyped                                             ;
; NUMWORDS_B                         ; 32                   ; Untyped                                             ;
; INDATA_REG_B                       ; CLOCK1               ; Untyped                                             ;
; WRCONTROL_WRADDRESS_REG_B          ; CLOCK1               ; Untyped                                             ;
; RDCONTROL_REG_B                    ; CLOCK1               ; Untyped                                             ;
; ADDRESS_REG_B                      ; CLOCK0               ; Untyped                                             ;
; OUTDATA_REG_B                      ; UNREGISTERED         ; Untyped                                             ;
; BYTEENA_REG_B                      ; CLOCK1               ; Untyped                                             ;
; INDATA_ACLR_B                      ; NONE                 ; Untyped                                             ;
; WRCONTROL_ACLR_B                   ; NONE                 ; Untyped                                             ;
; ADDRESS_ACLR_B                     ; NONE                 ; Untyped                                             ;
; OUTDATA_ACLR_B                     ; NONE                 ; Untyped                                             ;
; RDCONTROL_ACLR_B                   ; NONE                 ; Untyped                                             ;
; BYTEENA_ACLR_B                     ; NONE                 ; Untyped                                             ;
; WIDTH_BYTEENA_A                    ; 1                    ; Untyped                                             ;
; WIDTH_BYTEENA_B                    ; 1                    ; Untyped                                             ;
; RAM_BLOCK_TYPE                     ; AUTO                 ; Untyped                                             ;
; BYTE_SIZE                          ; 8                    ; Untyped                                             ;
; READ_DURING_WRITE_MODE_MIXED_PORTS ; DONT_CARE            ; Untyped                                             ;
; READ_DURING_WRITE_MODE_PORT_A      ; NEW_DATA_NO_NBE_READ ; Untyped                                             ;
; READ_DURING_WRITE_MODE_PORT_B      ; NEW_DATA_NO_NBE_READ ; Untyped                                             ;
; INIT_FILE                          ; UNUSED               ; Untyped                                             ;
; INIT_FILE_LAYOUT                   ; PORT_A               ; Untyped                                             ;
; MAXIMUM_DEPTH                      ; 0                    ; Untyped                                             ;
; CLOCK_ENABLE_INPUT_A               ; NORMAL               ; Untyped                                             ;
; CLOCK_ENABLE_INPUT_B               ; NORMAL               ; Untyped                                             ;
; CLOCK_ENABLE_OUTPUT_A              ; NORMAL               ; Untyped                                             ;
; CLOCK_ENABLE_OUTPUT_B              ; NORMAL               ; Untyped                                             ;
; CLOCK_ENABLE_CORE_A                ; USE_INPUT_CLKEN      ; Untyped                                             ;
; CLOCK_ENABLE_CORE_B                ; USE_INPUT_CLKEN      ; Untyped                                             ;
; ENABLE_ECC                         ; FALSE                ; Untyped                                             ;
; ECC_PIPELINE_STAGE_ENABLED         ; FALSE                ; Untyped                                             ;
; WIDTH_ECCSTATUS                    ; 3                    ; Untyped                                             ;
; DEVICE_FAMILY                      ; Cyclone V            ; Untyped                                             ;
; CBXI_PARAMETER                     ; altsyncram_d2k1      ; Untyped                                             ;
+------------------------------------+----------------------+-----------------------------------------------------+
Note: In order to hide this table in the UI and the text report file, please set the "Show Parameter Settings in Synthesis Report" option in "Analysis and Synthesis Settings -> More Settings" to "Off".


+------------------------------------------------------------------------------------------------------------+
; altsyncram Parameter Settings by Entity Instance                                                           ;
+-------------------------------------------+----------------------------------------------------------------+
; Name                                      ; Value                                                          ;
+-------------------------------------------+----------------------------------------------------------------+
; Number of entity instances                ; 2                                                              ;
; Entity Instance                           ; riscvmulti1:rvmulti|datapath:dp|regfile:rf|altsyncram:rf_rtl_0 ;
;     -- OPERATION_MODE                     ; DUAL_PORT                                                      ;
;     -- WIDTH_A                            ; 32                                                             ;
;     -- NUMWORDS_A                         ; 32                                                             ;
;     -- OUTDATA_REG_A                      ; UNREGISTERED                                                   ;
;     -- WIDTH_B                            ; 32                                                             ;
;     -- NUMWORDS_B                         ; 32                                                             ;
;     -- ADDRESS_REG_B                      ; CLOCK0                                                         ;
;     -- OUTDATA_REG_B                      ; UNREGISTERED                                                   ;
;     -- RAM_BLOCK_TYPE                     ; AUTO                                                           ;
;     -- READ_DURING_WRITE_MODE_MIXED_PORTS ; DONT_CARE                                                      ;
; Entity Instance                           ; riscvmulti1:rvmulti|datapath:dp|regfile:rf|altsyncram:rf_rtl_1 ;
;     -- OPERATION_MODE                     ; DUAL_PORT                                                      ;
;     -- WIDTH_A                            ; 32                                                             ;
;     -- NUMWORDS_A                         ; 32                                                             ;
;     -- OUTDATA_REG_A                      ; UNREGISTERED                                                   ;
;     -- WIDTH_B                            ; 32                                                             ;
;     -- NUMWORDS_B                         ; 32                                                             ;
;     -- ADDRESS_REG_B                      ; CLOCK0                                                         ;
;     -- OUTDATA_REG_B                      ; UNREGISTERED                                                   ;
;     -- RAM_BLOCK_TYPE                     ; AUTO                                                           ;
;     -- READ_DURING_WRITE_MODE_MIXED_PORTS ; DONT_CARE                                                      ;
+-------------------------------------------+----------------------------------------------------------------+


+------------------------------------------------------------------------+
; Port Connectivity Checks: "riscvmulti1:rvmulti|datapath:dp|mux3:MUX_2" ;
+-----------+-------+----------+-----------------------------------------+
; Port      ; Type  ; Severity ; Details                                 ;
+-----------+-------+----------+-----------------------------------------+
; d2[31..3] ; Input ; Info     ; Stuck at GND                            ;
; d2[1..0]  ; Input ; Info     ; Stuck at GND                            ;
; d2[2]     ; Input ; Info     ; Stuck at VCC                            ;
+-----------+-------+----------+-----------------------------------------+


+-------------------------------------------------------------------------------------------------------------------------+
; Port Connectivity Checks: "riscvmulti1:rvmulti|datapath:dp"                                                             ;
+---------------+--------+----------+-------------------------------------------------------------------------------------+
; Port          ; Type   ; Severity ; Details                                                                             ;
+---------------+--------+----------+-------------------------------------------------------------------------------------+
; Instr[29..15] ; Output ; Info     ; Connected to dangling logic. Logic that only feeds a dangling port will be removed. ;
; Instr[11..7]  ; Output ; Info     ; Connected to dangling logic. Logic that only feeds a dangling port will be removed. ;
; Instr[31]     ; Output ; Info     ; Connected to dangling logic. Logic that only feeds a dangling port will be removed. ;
+---------------+--------+----------+-------------------------------------------------------------------------------------+


+-----------------------------------------------------+
; Post-Synthesis Netlist Statistics for Top Partition ;
+-----------------------+-----------------------------+
; Type                  ; Count                       ;
+-----------------------+-----------------------------+
; arriav_ff             ; 2431                        ;
;     CLR               ; 64                          ;
;     CLR SCLR          ; 64                          ;
;     ENA               ; 2112                        ;
;     ENA CLR           ; 104                         ;
;     SCLR              ; 3                           ;
;     plain             ; 84                          ;
; arriav_lcell_comb     ; 1592                        ;
;     extend            ; 15                          ;
;         7 data inputs ; 15                          ;
;     normal            ; 1545                        ;
;         1 data inputs ; 1                           ;
;         2 data inputs ; 85                          ;
;         3 data inputs ; 80                          ;
;         4 data inputs ; 120                         ;
;         5 data inputs ; 149                         ;
;         6 data inputs ; 1110                        ;
;     shared            ; 32                          ;
;         3 data inputs ; 10                          ;
;         4 data inputs ; 22                          ;
; boundary_port         ; 67                          ;
; stratixv_ram_block    ; 64                          ;
;                       ;                             ;
; Max LUT depth         ; 12.00                       ;
; Average LUT depth     ; 6.33                        ;
+-----------------------+-----------------------------+


+-------------------------------+
; Elapsed Time Per Partition    ;
+----------------+--------------+
; Partition Name ; Elapsed Time ;
+----------------+--------------+
; Top            ; 00:00:03     ;
+----------------+--------------+


+-------------------------------+
; Analysis & Synthesis Messages ;
+-------------------------------+
Info: *******************************************************************
Info: Running Quartus Prime Analysis & Synthesis
    Info: Version 20.1.1 Build 720 11/11/2020 SJ Lite Edition
    Info: Processing started: Sun Dec 11 19:32:04 2022
Info: Command: quartus_map --read_settings_files=on --write_settings_files=off riscvmulti -c riscvmulti
Warning (18236): Number of processors has not been specified which may cause overloading on shared machines.  Set the global assignment NUM_PARALLEL_PROCESSORS in your QSF to an appropriate value for best performance.
Info (20030): Parallel compilation is enabled and will use 12 of the 12 processors detected
Info (12021): Found 17 design units, including 17 entities, in source file riscvmulti.sv
    Info (12023): Found entity 1: riscvmulti File: C:/Users/zedempire/OneDrive/4770/lab9/riscvmulti.sv Line: 1
    Info (12023): Found entity 2: riscvmulti1 File: C:/Users/zedempire/OneDrive/4770/lab9/riscvmulti.sv Line: 13
    Info (12023): Found entity 3: datapath File: C:/Users/zedempire/OneDrive/4770/lab9/riscvmulti.sv Line: 31
    Info (12023): Found entity 4: regfile File: C:/Users/zedempire/OneDrive/4770/lab9/riscvmulti.sv Line: 84
    Info (12023): Found entity 5: extend File: C:/Users/zedempire/OneDrive/4770/lab9/riscvmulti.sv Line: 104
    Info (12023): Found entity 6: idmem File: C:/Users/zedempire/OneDrive/4770/lab9/riscvmulti.sv Line: 126
    Info (12023): Found entity 7: mux2 File: C:/Users/zedempire/OneDrive/4770/lab9/riscvmulti.sv Line: 150
    Info (12023): Found entity 8: mux3 File: C:/Users/zedempire/OneDrive/4770/lab9/riscvmulti.sv Line: 158
    Info (12023): Found entity 9: RegNext File: C:/Users/zedempire/OneDrive/4770/lab9/riscvmulti.sv Line: 169
    Info (12023): Found entity 10: RegFetch File: C:/Users/zedempire/OneDrive/4770/lab9/riscvmulti.sv Line: 191
    Info (12023): Found entity 11: Buffer File: C:/Users/zedempire/OneDrive/4770/lab9/riscvmulti.sv Line: 222
    Info (12023): Found entity 12: Buffer_2 File: C:/Users/zedempire/OneDrive/4770/lab9/riscvmulti.sv Line: 241
    Info (12023): Found entity 13: controller File: C:/Users/zedempire/OneDrive/4770/lab9/riscvmulti.sv Line: 264
    Info (12023): Found entity 14: FSM File: C:/Users/zedempire/OneDrive/4770/lab9/riscvmulti.sv Line: 294
    Info (12023): Found entity 15: aludec File: C:/Users/zedempire/OneDrive/4770/lab9/riscvmulti.sv Line: 391
    Info (12023): Found entity 16: instrdec File: C:/Users/zedempire/OneDrive/4770/lab9/riscvmulti.sv Line: 421
    Info (12023): Found entity 17: alu File: C:/Users/zedempire/OneDrive/4770/lab9/riscvmulti.sv Line: 436
Info (12021): Found 1 design units, including 1 entities, in source file riscv_testbench.sv
    Info (12023): Found entity 1: testbench File: C:/Users/zedempire/OneDrive/4770/lab9/riscv_testbench.sv Line: 1
Info (12127): Elaborating entity "riscvmulti" for the top level hierarchy
Info (12128): Elaborating entity "riscvmulti1" for hierarchy "riscvmulti1:rvmulti" File: C:/Users/zedempire/OneDrive/4770/lab9/riscvmulti.sv Line: 8
Info (12128): Elaborating entity "datapath" for hierarchy "riscvmulti1:rvmulti|datapath:dp" File: C:/Users/zedempire/OneDrive/4770/lab9/riscvmulti.sv Line: 26
Info (12128): Elaborating entity "RegNext" for hierarchy "riscvmulti1:rvmulti|datapath:dp|RegNext:Regnext" File: C:/Users/zedempire/OneDrive/4770/lab9/riscvmulti.sv Line: 63
Info (12128): Elaborating entity "mux2" for hierarchy "riscvmulti1:rvmulti|datapath:dp|mux2:m" File: C:/Users/zedempire/OneDrive/4770/lab9/riscvmulti.sv Line: 64
Info (12128): Elaborating entity "RegFetch" for hierarchy "riscvmulti1:rvmulti|datapath:dp|RegFetch:Regfetch" File: C:/Users/zedempire/OneDrive/4770/lab9/riscvmulti.sv Line: 65
Info (12128): Elaborating entity "Buffer" for hierarchy "riscvmulti1:rvmulti|datapath:dp|Buffer:buffer1" File: C:/Users/zedempire/OneDrive/4770/lab9/riscvmulti.sv Line: 66
Info (12128): Elaborating entity "regfile" for hierarchy "riscvmulti1:rvmulti|datapath:dp|regfile:rf" File: C:/Users/zedempire/OneDrive/4770/lab9/riscvmulti.sv Line: 69
Info (12128): Elaborating entity "extend" for hierarchy "riscvmulti1:rvmulti|datapath:dp|extend:ext" File: C:/Users/zedempire/OneDrive/4770/lab9/riscvmulti.sv Line: 70
Info (12128): Elaborating entity "Buffer_2" for hierarchy "riscvmulti1:rvmulti|datapath:dp|Buffer_2:buffer_2" File: C:/Users/zedempire/OneDrive/4770/lab9/riscvmulti.sv Line: 71
Info (12128): Elaborating entity "mux3" for hierarchy "riscvmulti1:rvmulti|datapath:dp|mux3:MUX_1" File: C:/Users/zedempire/OneDrive/4770/lab9/riscvmulti.sv Line: 74
Info (12128): Elaborating entity "alu" for hierarchy "riscvmulti1:rvmulti|datapath:dp|alu:alu" File: C:/Users/zedempire/OneDrive/4770/lab9/riscvmulti.sv Line: 76
Warning (10036): Verilog HDL or VHDL warning at riscvmulti.sv(442): object "v" assigned a value but never read File: C:/Users/zedempire/OneDrive/4770/lab9/riscvmulti.sv Line: 442
Info (12128): Elaborating entity "controller" for hierarchy "riscvmulti1:rvmulti|controller:c" File: C:/Users/zedempire/OneDrive/4770/lab9/riscvmulti.sv Line: 27
Info (12128): Elaborating entity "FSM" for hierarchy "riscvmulti1:rvmulti|controller:c|FSM:maind" File: C:/Users/zedempire/OneDrive/4770/lab9/riscvmulti.sv Line: 284
Info (12128): Elaborating entity "aludec" for hierarchy "riscvmulti1:rvmulti|controller:c|aludec:alud" File: C:/Users/zedempire/OneDrive/4770/lab9/riscvmulti.sv Line: 286
Info (12128): Elaborating entity "instrdec" for hierarchy "riscvmulti1:rvmulti|controller:c|instrdec:istrd" File: C:/Users/zedempire/OneDrive/4770/lab9/riscvmulti.sv Line: 288
Info (12128): Elaborating entity "idmem" for hierarchy "idmem:mem" File: C:/Users/zedempire/OneDrive/4770/lab9/riscvmulti.sv Line: 9
Warning (10850): Verilog HDL warning at riscvmulti.sv(135): number of words (21) in memory file does not match the number of elements in the address range [0:63] File: C:/Users/zedempire/OneDrive/4770/lab9/riscvmulti.sv Line: 135
Warning (10030): Net "iRAM.data_a" at riscvmulti.sv(131) has no driver or initial value, using a default initial value '0' File: C:/Users/zedempire/OneDrive/4770/lab9/riscvmulti.sv Line: 131
Warning (10030): Net "iRAM.waddr_a" at riscvmulti.sv(131) has no driver or initial value, using a default initial value '0' File: C:/Users/zedempire/OneDrive/4770/lab9/riscvmulti.sv Line: 131
Warning (10030): Net "iRAM.we_a" at riscvmulti.sv(131) has no driver or initial value, using a default initial value '0' File: C:/Users/zedempire/OneDrive/4770/lab9/riscvmulti.sv Line: 131
Warning (276020): Inferred RAM node "riscvmulti1:rvmulti|datapath:dp|regfile:rf|rf_rtl_0" from synchronous design logic.  Pass-through logic has been added to match the read-during-write behavior of the original design.
Warning (276020): Inferred RAM node "riscvmulti1:rvmulti|datapath:dp|regfile:rf|rf_rtl_1" from synchronous design logic.  Pass-through logic has been added to match the read-during-write behavior of the original design.
Info (276014): Found 2 instances of uninferred RAM logic
    Info (276004): RAM logic "idmem:mem|iRAM" is uninferred due to inappropriate RAM size File: C:/Users/zedempire/OneDrive/4770/lab9/riscvmulti.sv Line: 131
    Info (276007): RAM logic "idmem:mem|dRAM" is uninferred due to asynchronous read logic File: C:/Users/zedempire/OneDrive/4770/lab9/riscvmulti.sv Line: 132
Warning (127007): Memory Initialization File or Hexadecimal (Intel-Format) File "C:/Users/zedempire/OneDrive/4770/lab9/db/riscvmulti.ram0_idmem_7ba162e.hdl.mif" contains "don't care" values -- overwriting them with 0s
Info (19000): Inferred 2 megafunctions from design logic
    Info (276029): Inferred altsyncram megafunction from the following design logic: "riscvmulti1:rvmulti|datapath:dp|regfile:rf|rf_rtl_0" 
        Info (286033): Parameter OPERATION_MODE set to DUAL_PORT
        Info (286033): Parameter WIDTH_A set to 32
        Info (286033): Parameter WIDTHAD_A set to 5
        Info (286033): Parameter NUMWORDS_A set to 32
        Info (286033): Parameter WIDTH_B set to 32
        Info (286033): Parameter WIDTHAD_B set to 5
        Info (286033): Parameter NUMWORDS_B set to 32
        Info (286033): Parameter ADDRESS_ACLR_A set to NONE
        Info (286033): Parameter OUTDATA_REG_B set to UNREGISTERED
        Info (286033): Parameter ADDRESS_ACLR_B set to NONE
        Info (286033): Parameter OUTDATA_ACLR_B set to NONE
        Info (286033): Parameter ADDRESS_REG_B set to CLOCK0
        Info (286033): Parameter INDATA_ACLR_A set to NONE
        Info (286033): Parameter WRCONTROL_ACLR_A set to NONE
    Info (276029): Inferred altsyncram megafunction from the following design logic: "riscvmulti1:rvmulti|datapath:dp|regfile:rf|rf_rtl_1" 
        Info (286033): Parameter OPERATION_MODE set to DUAL_PORT
        Info (286033): Parameter WIDTH_A set to 32
        Info (286033): Parameter WIDTHAD_A set to 5
        Info (286033): Parameter NUMWORDS_A set to 32
        Info (286033): Parameter WIDTH_B set to 32
        Info (286033): Parameter WIDTHAD_B set to 5
        Info (286033): Parameter NUMWORDS_B set to 32
        Info (286033): Parameter ADDRESS_ACLR_A set to NONE
        Info (286033): Parameter OUTDATA_REG_B set to UNREGISTERED
        Info (286033): Parameter ADDRESS_ACLR_B set to NONE
        Info (286033): Parameter OUTDATA_ACLR_B set to NONE
        Info (286033): Parameter ADDRESS_REG_B set to CLOCK0
        Info (286033): Parameter INDATA_ACLR_A set to NONE
        Info (286033): Parameter WRCONTROL_ACLR_A set to NONE
Info (12130): Elaborated megafunction instantiation "riscvmulti1:rvmulti|datapath:dp|regfile:rf|altsyncram:rf_rtl_0"
Info (12133): Instantiated megafunction "riscvmulti1:rvmulti|datapath:dp|regfile:rf|altsyncram:rf_rtl_0" with the following parameter:
    Info (12134): Parameter "OPERATION_MODE" = "DUAL_PORT"
    Info (12134): Parameter "WIDTH_A" = "32"
    Info (12134): Parameter "WIDTHAD_A" = "5"
    Info (12134): Parameter "NUMWORDS_A" = "32"
    Info (12134): Parameter "WIDTH_B" = "32"
    Info (12134): Parameter "WIDTHAD_B" = "5"
    Info (12134): Parameter "NUMWORDS_B" = "32"
    Info (12134): Parameter "ADDRESS_ACLR_A" = "NONE"
    Info (12134): Parameter "OUTDATA_REG_B" = "UNREGISTERED"
    Info (12134): Parameter "ADDRESS_ACLR_B" = "NONE"
    Info (12134): Parameter "OUTDATA_ACLR_B" = "NONE"
    Info (12134): Parameter "ADDRESS_REG_B" = "CLOCK0"
    Info (12134): Parameter "INDATA_ACLR_A" = "NONE"
    Info (12134): Parameter "WRCONTROL_ACLR_A" = "NONE"
Info (12021): Found 1 design units, including 1 entities, in source file db/altsyncram_d2k1.tdf
    Info (12023): Found entity 1: altsyncram_d2k1 File: C:/Users/zedempire/OneDrive/4770/lab9/db/altsyncram_d2k1.tdf Line: 28
Info (286030): Timing-Driven Synthesis is running
Info (17049): 4 registers lost all their fanouts during netlist optimizations.
Info (144001): Generated suppressed messages file C:/Users/zedempire/OneDrive/4770/lab9/output_files/riscvmulti.map.smsg
Info (16010): Generating hard_block partition "hard_block:auto_generated_inst"
    Info (16011): Adding 0 node(s), including 0 DDIO, 0 PLL, 0 transceiver and 0 LCELL
Info (21057): Implemented 4070 device resources after synthesis - the final resource count might be different
    Info (21058): Implemented 2 input pins
    Info (21059): Implemented 65 output pins
    Info (21061): Implemented 3939 logic cells
    Info (21064): Implemented 64 RAM segments
Info: Quartus Prime Analysis & Synthesis was successful. 0 errors, 9 warnings
    Info: Peak virtual memory: 4914 megabytes
    Info: Processing ended: Sun Dec 11 19:32:14 2022
    Info: Elapsed time: 00:00:10
    Info: Total CPU time (on all processors): 00:00:16


+------------------------------------------+
; Analysis & Synthesis Suppressed Messages ;
+------------------------------------------+
The suppressed messages can be found in C:/Users/zedempire/OneDrive/4770/lab9/output_files/riscvmulti.map.smsg.


